#
# There is insufficient memory for the Java Runtime Environment to continue.
# Native memory allocation (malloc) failed to allocate 32744 bytes for ChunkPool::allocate
# Possible reasons:
#   The system is out of physical RAM or swap space
#   The process is running with CompressedOops enabled, and the Java Heap may be blocking the growth of the native heap
# Possible solutions:
#   Reduce memory load on the system
#   Increase physical memory or swap space
#   Check if swap backing store is full
#   Decrease Java heap size (-Xmx/-Xms)
#   Decrease number of Java threads
#   Decrease Java thread stack sizes (-Xss)
#   Set larger code cache with -XX:ReservedCodeCacheSize=
#   JVM is running with Zero Based Compressed Oops mode in which the Java heap is
#     placed in the first 32GB address space. The Java Heap base address is the
#     maximum limit for the native heap growth. Please use -XX:HeapBaseMinAddress
#     to set the Java Heap base and to place the Java Heap above 32GB virtual address.
# This output file may be truncated or incomplete.
#
#  Out of Memory Error (./open/src/hotspot/share/memory/arena.cpp:81), pid=9820, tid=13548
#
# JRE version: Java(TM) SE Runtime Environment 18.9 (11.0.17+10) (build 11.0.17+10-LTS-269)
# Java VM: Java HotSpot(TM) 64-Bit Server VM 18.9 (11.0.17+10-LTS-269, mixed mode, tiered, compressed oops, g1 gc, windows-amd64)
# No core dump will be written. Minidumps are not enabled by default on client versions of Windows
#

---------------  S U M M A R Y ------------

Command Line: --module-path=C:\Users\Manuja Nethranga\.m2\repository\org\openjfx\javafx-base\19\javafx-base-19-win.jar;C:\Users\Manuja Nethranga\.m2\repository\org\openjfx\javafx-base\19\javafx-base-19.jar;C:\Users\Manuja Nethranga\.m2\repository\org\openjfx\javafx-controls\19\javafx-controls-19-win.jar;C:\Users\Manuja Nethranga\.m2\repository\org\openjfx\javafx-controls\19\javafx-controls-19.jar;C:\Users\Manuja Nethranga\.m2\repository\org\openjfx\javafx-fxml\19\javafx-fxml-19-win.jar;C:\Users\Manuja Nethranga\.m2\repository\org\openjfx\javafx-fxml\19\javafx-fxml-19.jar;C:\Users\Manuja Nethranga\.m2\repository\org\openjfx\javafx-graphics\19\javafx-graphics-19-win.jar;C:\Users\Manuja Nethranga\.m2\repository\org\openjfx\javafx-graphics\19\javafx-graphics-19.jar --add-modules=javafx.base,javafx.controls,javafx.fxml,javafx.graphics Main

Host: 11th Gen Intel(R) Core(TM) i5-1135G7 @ 2.40GHz, 8 cores, 15G,  Windows 11 , 64 bit Build 22621 (10.0.22621.3672)
Time: Wed Aug  7 00:54:11 2024 Sri Lanka Standard Time elapsed time: 86.898122 seconds (0d 0h 1m 26s)

---------------  T H R E A D  ---------------

Current thread (0x000001a8c850c800):  JavaThread "C2 CompilerThread0" daemon [_thread_in_native, id=13548, stack(0x0000007ff8f00000,0x0000007ff9000000)]


Current CompileTask:
C2:  86898 6416       4       com.sun.javafx.tk.quantum.QuantumToolkit::postPulse (133 bytes)

Stack: [0x0000007ff8f00000,0x0000007ff9000000]
Native frames: (J=compiled Java code, j=interpreted, Vv=VM code, C=native code)
V  [jvm.dll+0x62b5da]
V  [jvm.dll+0x7653df]
V  [jvm.dll+0x766a89]
V  [jvm.dll+0x767113]
V  [jvm.dll+0x23dd28]
V  [jvm.dll+0xb2c7b]
V  [jvm.dll+0xb2fdc]
V  [jvm.dll+0xb2b2b]
V  [jvm.dll+0x60b89f]
V  [jvm.dll+0x65adb4]
V  [jvm.dll+0x18cf1d]
V  [jvm.dll+0x1f8815]
V  [jvm.dll+0x1f78fd]
V  [jvm.dll+0x177c91]
V  [jvm.dll+0x207296]
V  [jvm.dll+0x20542b]
V  [jvm.dll+0x72b2c0]
V  [jvm.dll+0x723e64]
V  [jvm.dll+0x62a485]
C  [ucrtbase.dll+0x29333]
C  [KERNEL32.DLL+0x1257d]
C  [ntdll.dll+0x5af28]


---------------  P R O C E S S  ---------------

Threads class SMR info:
_java_thread_list=0x000001a8c9c4f010, length=19, elements={
0x000001a8a513e000, 0x000001a8c84f6000, 0x000001a8c84f9800, 0x000001a8c8562800,
0x000001a8c8566000, 0x000001a8c856a000, 0x000001a8c850c800, 0x000001a8c850e000,
0x000001a8c8510000, 0x000001a8c86e1000, 0x000001a8c899c800, 0x000001a8c9355000,
0x000001a8c93a3800, 0x000001a8c8b58000, 0x000001a8c961c800, 0x000001a8c98d2800,
0x000001a8c990f000, 0x000001a8c987e000, 0x000001a8c987b800
}

Java Threads: ( => current thread )
  0x000001a8a513e000 JavaThread "main" [_thread_blocked, id=16572, stack(0x0000007ff8300000,0x0000007ff8400000)]
  0x000001a8c84f6000 JavaThread "Reference Handler" daemon [_thread_blocked, id=18004, stack(0x0000007ff8a00000,0x0000007ff8b00000)]
  0x000001a8c84f9800 JavaThread "Finalizer" daemon [_thread_blocked, id=17380, stack(0x0000007ff8b00000,0x0000007ff8c00000)]
  0x000001a8c8562800 JavaThread "Signal Dispatcher" daemon [_thread_blocked, id=15644, stack(0x0000007ff8c00000,0x0000007ff8d00000)]
  0x000001a8c8566000 JavaThread "Attach Listener" daemon [_thread_blocked, id=14712, stack(0x0000007ff8d00000,0x0000007ff8e00000)]
  0x000001a8c856a000 JavaThread "Service Thread" daemon [_thread_blocked, id=13136, stack(0x0000007ff8e00000,0x0000007ff8f00000)]
=>0x000001a8c850c800 JavaThread "C2 CompilerThread0" daemon [_thread_in_native, id=13548, stack(0x0000007ff8f00000,0x0000007ff9000000)]
  0x000001a8c850e000 JavaThread "C1 CompilerThread0" daemon [_thread_blocked, id=3864, stack(0x0000007ff9000000,0x0000007ff9100000)]
  0x000001a8c8510000 JavaThread "Sweeper thread" daemon [_thread_blocked, id=17556, stack(0x0000007ff9100000,0x0000007ff9200000)]
  0x000001a8c86e1000 JavaThread "Common-Cleaner" daemon [_thread_blocked, id=1524, stack(0x0000007ff9200000,0x0000007ff9300000)]
  0x000001a8c899c800 JavaThread "QuantumRenderer-0" daemon [_thread_blocked, id=5892, stack(0x0000007ff9300000,0x0000007ff9400000)]
  0x000001a8c9355000 JavaThread "InvokeLaterDispatcher" daemon [_thread_blocked, id=17724, stack(0x0000007ff9400000,0x0000007ff9500000)]
  0x000001a8c93a3800 JavaThread "JavaFX Application Thread" [_thread_in_native, id=7796, stack(0x0000007ff9600000,0x0000007ff9700000)]
  0x000001a8c8b58000 JavaThread "JavaFX-Launcher" [_thread_blocked, id=12096, stack(0x0000007ff9b00000,0x0000007ff9c00000)]
  0x000001a8c961c800 JavaThread "Thread-2" daemon [_thread_in_native, id=12964, stack(0x0000007ff9a00000,0x0000007ff9b00000)]
  0x000001a8c98d2800 JavaThread "Prism Font Disposer" daemon [_thread_blocked, id=11588, stack(0x0000007ffa200000,0x0000007ffa300000)]
  0x000001a8c990f000 JavaThread "Cleaner-0" daemon [_thread_blocked, id=14380, stack(0x0000007ffa100000,0x0000007ffa200000)]
  0x000001a8c987e000 JavaThread "mysql-cj-abandoned-connection-cleanup" daemon [_thread_blocked, id=17932, stack(0x0000007ffac00000,0x0000007ffad00000)]
  0x000001a8c987b800 JavaThread "Hibernate Connection Pool Validation Thread" daemon [_thread_blocked, id=16148, stack(0x0000007ffad00000,0x0000007ffae00000)]

Other Threads:
  0x000001a8c84d3000 VMThread "VM Thread" [stack: 0x0000007ff8900000,0x0000007ff8a00000] [id=4204]
  0x000001a8c8bd9000 WatcherThread [stack: 0x0000007ff9500000,0x0000007ff9600000] [id=5404]
  0x000001a8a5152800 GCTaskThread "GC Thread#0" [stack: 0x0000007ff8400000,0x0000007ff8500000] [id=13764]
  0x000001a8c95cb800 GCTaskThread "GC Thread#1" [stack: 0x0000007ff9c00000,0x0000007ff9d00000] [id=17564]
  0x000001a8c95cc000 GCTaskThread "GC Thread#2" [stack: 0x0000007ff9d00000,0x0000007ff9e00000] [id=15924]
  0x000001a8c967f800 GCTaskThread "GC Thread#3" [stack: 0x0000007ff9e00000,0x0000007ff9f00000] [id=8968]
  0x000001a8c9680000 GCTaskThread "GC Thread#4" [stack: 0x0000007ff9f00000,0x0000007ffa000000] [id=18256]
  0x000001a8c9680800 GCTaskThread "GC Thread#5" [stack: 0x0000007ffa000000,0x0000007ffa100000] [id=17132]
  0x000001a8a51ac000 ConcurrentGCThread "G1 Main Marker" [stack: 0x0000007ff8500000,0x0000007ff8600000] [id=12156]
  0x000001a8a51ae800 ConcurrentGCThread "G1 Conc#0" [stack: 0x0000007ff8600000,0x0000007ff8700000] [id=13696]
  0x000001a8c986e800 ConcurrentGCThread "G1 Conc#1" [stack: 0x0000007ffa600000,0x0000007ffa700000] [id=7524]
  0x000001a8c7b38800 ConcurrentGCThread "G1 Refine#0" [stack: 0x0000007ff8700000,0x0000007ff8800000] [id=5980]
  0x000001a8c7b39800 ConcurrentGCThread "G1 Young RemSet Sampling" [stack: 0x0000007ff8800000,0x0000007ff8900000] [id=18420]

Threads with active compile tasks:
C2 CompilerThread0    86941 6416       4       com.sun.javafx.tk.quantum.QuantumToolkit::postPulse (133 bytes)

VM state:not at safepoint (normal execution)

VM Mutex/Monitor currently owned by a thread: None

Heap address: 0x0000000704400000, size: 4028 MB, Compressed Oops mode: Zero based, Oop shift amount: 3
Narrow klass base: 0x0000000800000000, Narrow klass shift: 0
Compressed class space size: 1073741824 Address: 0x0000000800000000

Heap:
 garbage-first heap   total 258048K, used 88198K [0x0000000704400000, 0x0000000800000000)
  region size 1024K, 59 young (60416K), 9 survivors (9216K)
 Metaspace       used 66385K, capacity 67945K, committed 68220K, reserved 1107968K
  class space    used 8923K, capacity 9616K, committed 9676K, reserved 1048576K
Heap Regions: E=young(eden), S=young(survivor), O=old, HS=humongous(starts), HC=humongous(continues), CS=collection set, F=free, A=archive, TAMS=top-at-mark-start (previous, next)
|   0|0x0000000704400000, 0x0000000704500000, 0x0000000704500000|100%|HS|  |TAMS 0x0000000704500000, 0x0000000704400000| Complete 
|   1|0x0000000704500000, 0x0000000704600000, 0x0000000704600000|100%|HS|  |TAMS 0x0000000704600000, 0x0000000704500000| Complete 
|   2|0x0000000704600000, 0x0000000704700000, 0x0000000704700000|100%|HC|  |TAMS 0x0000000704700000, 0x0000000704600000| Complete 
|   3|0x0000000704700000, 0x0000000704800000, 0x0000000704800000|100%|HC|  |TAMS 0x0000000704800000, 0x0000000704700000| Complete 
|   4|0x0000000704800000, 0x0000000704900000, 0x0000000704900000|100%|HC|  |TAMS 0x0000000704900000, 0x0000000704800000| Complete 
|   5|0x0000000704900000, 0x0000000704a00000, 0x0000000704a00000|100%|HC|  |TAMS 0x0000000704a00000, 0x0000000704900000| Complete 
|   6|0x0000000704a00000, 0x0000000704b00000, 0x0000000704b00000|100%|HC|  |TAMS 0x0000000704b00000, 0x0000000704a00000| Complete 
|   7|0x0000000704b00000, 0x0000000704c00000, 0x0000000704c00000|100%|HC|  |TAMS 0x0000000704c00000, 0x0000000704b00000| Complete 
|   8|0x0000000704c00000, 0x0000000704d00000, 0x0000000704d00000|100%|HC|  |TAMS 0x0000000704d00000, 0x0000000704c00000| Complete 
|   9|0x0000000704d00000, 0x0000000704e00000, 0x0000000704e00000|100%| O|  |TAMS 0x0000000704d24600, 0x0000000704d00000| Untracked 
|  10|0x0000000704e00000, 0x0000000704e4b600, 0x0000000704f00000| 29%| O|  |TAMS 0x0000000704e00000, 0x0000000704e00000| Untracked 
|  11|0x0000000704f00000, 0x0000000705000000, 0x0000000705000000|100%|HS|  |TAMS 0x0000000705000000, 0x0000000704f00000| Complete 
|  12|0x0000000705000000, 0x0000000705100000, 0x0000000705100000|100%|HC|  |TAMS 0x0000000705100000, 0x0000000705000000| Complete 
|  13|0x0000000705100000, 0x0000000705200000, 0x0000000705200000|100%| O|  |TAMS 0x0000000705200000, 0x0000000705100000| Untracked 
|  14|0x0000000705200000, 0x0000000705300000, 0x0000000705300000|100%| O|  |TAMS 0x0000000705300000, 0x0000000705200000| Untracked 
|  15|0x0000000705300000, 0x0000000705400000, 0x0000000705400000|100%| O|  |TAMS 0x0000000705400000, 0x0000000705300000| Untracked 
|  16|0x0000000705400000, 0x0000000705500000, 0x0000000705500000|100%| O|  |TAMS 0x0000000705500000, 0x0000000705400000| Untracked 
|  17|0x0000000705500000, 0x0000000705600000, 0x0000000705600000|100%| O|  |TAMS 0x0000000705600000, 0x0000000705500000| Untracked 
|  18|0x0000000705600000, 0x00000007056ffff8, 0x0000000705700000| 99%| O|  |TAMS 0x00000007056ffff8, 0x0000000705600000| Untracked 
|  19|0x0000000705700000, 0x0000000705800000, 0x0000000705800000|100%| O|  |TAMS 0x0000000705800000, 0x0000000705700000| Untracked 
|  20|0x0000000705800000, 0x0000000705900000, 0x0000000705900000|100%| O|  |TAMS 0x0000000705900000, 0x0000000705800000| Untracked 
|  21|0x0000000705900000, 0x0000000705900000, 0x0000000705a00000|  0%| F|  |TAMS 0x0000000705900000, 0x0000000705900000| Untracked 
|  22|0x0000000705a00000, 0x0000000705a00000, 0x0000000705b00000|  0%| F|  |TAMS 0x0000000705a00000, 0x0000000705a00000| Untracked 
|  23|0x0000000705b00000, 0x0000000705b00000, 0x0000000705c00000|  0%| F|  |TAMS 0x0000000705b00000, 0x0000000705b00000| Untracked 
|  24|0x0000000705c00000, 0x0000000705c00000, 0x0000000705d00000|  0%| F|  |TAMS 0x0000000705c00000, 0x0000000705c00000| Untracked 
|  25|0x0000000705d00000, 0x0000000705d00000, 0x0000000705e00000|  0%| F|  |TAMS 0x0000000705d00000, 0x0000000705d00000| Untracked 
|  26|0x0000000705e00000, 0x0000000705e00000, 0x0000000705f00000|  0%| F|  |TAMS 0x0000000705e00000, 0x0000000705e00000| Untracked 
|  27|0x0000000705f00000, 0x0000000705f00000, 0x0000000706000000|  0%| F|  |TAMS 0x0000000705f00000, 0x0000000705f00000| Untracked 
|  28|0x0000000706000000, 0x0000000706000000, 0x0000000706100000|  0%| F|  |TAMS 0x0000000706000000, 0x0000000706000000| Untracked 
|  29|0x0000000706100000, 0x0000000706100000, 0x0000000706200000|  0%| F|  |TAMS 0x0000000706100000, 0x0000000706100000| Untracked 
|  30|0x0000000706200000, 0x0000000706200000, 0x0000000706300000|  0%| F|  |TAMS 0x0000000706200000, 0x0000000706200000| Untracked 
|  31|0x0000000706300000, 0x0000000706300000, 0x0000000706400000|  0%| F|  |TAMS 0x0000000706300000, 0x0000000706300000| Untracked 
|  32|0x0000000706400000, 0x0000000706400000, 0x0000000706500000|  0%| F|  |TAMS 0x0000000706400000, 0x0000000706400000| Untracked 
|  33|0x0000000706500000, 0x0000000706500000, 0x0000000706600000|  0%| F|  |TAMS 0x0000000706500000, 0x0000000706500000| Untracked 
|  34|0x0000000706600000, 0x0000000706600000, 0x0000000706700000|  0%| F|  |TAMS 0x0000000706600000, 0x0000000706600000| Untracked 
|  35|0x0000000706700000, 0x0000000706700000, 0x0000000706800000|  0%| F|  |TAMS 0x0000000706700000, 0x0000000706700000| Untracked 
|  36|0x0000000706800000, 0x0000000706800000, 0x0000000706900000|  0%| F|  |TAMS 0x0000000706800000, 0x0000000706800000| Untracked 
|  37|0x0000000706900000, 0x0000000706900000, 0x0000000706a00000|  0%| F|  |TAMS 0x0000000706900000, 0x0000000706900000| Untracked 
|  38|0x0000000706a00000, 0x0000000706a00000, 0x0000000706b00000|  0%| F|  |TAMS 0x0000000706a00000, 0x0000000706a00000| Untracked 
|  39|0x0000000706b00000, 0x0000000706b00000, 0x0000000706c00000|  0%| F|  |TAMS 0x0000000706b00000, 0x0000000706b00000| Untracked 
|  40|0x0000000706c00000, 0x0000000706c00000, 0x0000000706d00000|  0%| F|  |TAMS 0x0000000706c00000, 0x0000000706c00000| Untracked 
|  41|0x0000000706d00000, 0x0000000706d00000, 0x0000000706e00000|  0%| F|  |TAMS 0x0000000706d00000, 0x0000000706d00000| Untracked 
|  42|0x0000000706e00000, 0x0000000706e00000, 0x0000000706f00000|  0%| F|  |TAMS 0x0000000706e00000, 0x0000000706e00000| Untracked 
|  43|0x0000000706f00000, 0x0000000706f00000, 0x0000000707000000|  0%| F|  |TAMS 0x0000000706f00000, 0x0000000706f00000| Untracked 
|  44|0x0000000707000000, 0x0000000707000000, 0x0000000707100000|  0%| F|  |TAMS 0x0000000707000000, 0x0000000707000000| Untracked 
|  45|0x0000000707100000, 0x0000000707100000, 0x0000000707200000|  0%| F|  |TAMS 0x0000000707100000, 0x0000000707100000| Untracked 
|  46|0x0000000707200000, 0x0000000707200000, 0x0000000707300000|  0%| F|  |TAMS 0x0000000707200000, 0x0000000707200000| Untracked 
|  47|0x0000000707300000, 0x0000000707300000, 0x0000000707400000|  0%| F|  |TAMS 0x0000000707300000, 0x0000000707300000| Untracked 
|  48|0x0000000707400000, 0x0000000707400000, 0x0000000707500000|  0%| F|  |TAMS 0x0000000707400000, 0x0000000707400000| Untracked 
|  49|0x0000000707500000, 0x0000000707500000, 0x0000000707600000|  0%| F|  |TAMS 0x0000000707500000, 0x0000000707500000| Untracked 
|  50|0x0000000707600000, 0x0000000707600000, 0x0000000707700000|  0%| F|  |TAMS 0x0000000707600000, 0x0000000707600000| Untracked 
|  51|0x0000000707700000, 0x0000000707700000, 0x0000000707800000|  0%| F|  |TAMS 0x0000000707700000, 0x0000000707700000| Untracked 
|  52|0x0000000707800000, 0x0000000707800000, 0x0000000707900000|  0%| F|  |TAMS 0x0000000707800000, 0x0000000707800000| Untracked 
|  53|0x0000000707900000, 0x0000000707900000, 0x0000000707a00000|  0%| F|  |TAMS 0x0000000707900000, 0x0000000707900000| Untracked 
|  54|0x0000000707a00000, 0x0000000707a00000, 0x0000000707b00000|  0%| F|  |TAMS 0x0000000707a00000, 0x0000000707a00000| Untracked 
|  55|0x0000000707b00000, 0x0000000707b00000, 0x0000000707c00000|  0%| F|  |TAMS 0x0000000707b00000, 0x0000000707b00000| Untracked 
|  56|0x0000000707c00000, 0x0000000707c00000, 0x0000000707d00000|  0%| F|  |TAMS 0x0000000707c00000, 0x0000000707c00000| Untracked 
|  57|0x0000000707d00000, 0x0000000707d00000, 0x0000000707e00000|  0%| F|  |TAMS 0x0000000707d00000, 0x0000000707d00000| Untracked 
|  58|0x0000000707e00000, 0x0000000707e00000, 0x0000000707f00000|  0%| F|  |TAMS 0x0000000707e00000, 0x0000000707e00000| Untracked 
|  59|0x0000000707f00000, 0x0000000707f00000, 0x0000000708000000|  0%| F|  |TAMS 0x0000000707f00000, 0x0000000707f00000| Untracked 
|  60|0x0000000708000000, 0x0000000708000000, 0x0000000708100000|  0%| F|  |TAMS 0x0000000708000000, 0x0000000708000000| Untracked 
|  61|0x0000000708100000, 0x0000000708100000, 0x0000000708200000|  0%| F|  |TAMS 0x0000000708100000, 0x0000000708100000| Untracked 
|  62|0x0000000708200000, 0x0000000708200000, 0x0000000708300000|  0%| F|  |TAMS 0x0000000708200000, 0x0000000708200000| Untracked 
|  63|0x0000000708300000, 0x0000000708300000, 0x0000000708400000|  0%| F|  |TAMS 0x0000000708300000, 0x0000000708300000| Untracked 
|  64|0x0000000708400000, 0x0000000708400000, 0x0000000708500000|  0%| F|  |TAMS 0x0000000708400000, 0x0000000708400000| Untracked 
|  65|0x0000000708500000, 0x0000000708500000, 0x0000000708600000|  0%| F|  |TAMS 0x0000000708500000, 0x0000000708500000| Untracked 
|  66|0x0000000708600000, 0x0000000708600000, 0x0000000708700000|  0%| F|  |TAMS 0x0000000708600000, 0x0000000708600000| Untracked 
|  67|0x0000000708700000, 0x0000000708700000, 0x0000000708800000|  0%| F|  |TAMS 0x0000000708700000, 0x0000000708700000| Untracked 
|  68|0x0000000708800000, 0x0000000708800000, 0x0000000708900000|  0%| F|  |TAMS 0x0000000708800000, 0x0000000708800000| Untracked 
|  69|0x0000000708900000, 0x0000000708900000, 0x0000000708a00000|  0%| F|  |TAMS 0x0000000708900000, 0x0000000708900000| Untracked 
|  70|0x0000000708a00000, 0x0000000708a00000, 0x0000000708b00000|  0%| F|  |TAMS 0x0000000708a00000, 0x0000000708a00000| Untracked 
|  71|0x0000000708b00000, 0x0000000708b00000, 0x0000000708c00000|  0%| F|  |TAMS 0x0000000708b00000, 0x0000000708b00000| Untracked 
|  72|0x0000000708c00000, 0x0000000708c00000, 0x0000000708d00000|  0%| F|  |TAMS 0x0000000708c00000, 0x0000000708c00000| Untracked 
|  73|0x0000000708d00000, 0x0000000708d00000, 0x0000000708e00000|  0%| F|  |TAMS 0x0000000708d00000, 0x0000000708d00000| Untracked 
|  74|0x0000000708e00000, 0x0000000708e00000, 0x0000000708f00000|  0%| F|  |TAMS 0x0000000708e00000, 0x0000000708e00000| Untracked 
|  75|0x0000000708f00000, 0x0000000708f00000, 0x0000000709000000|  0%| F|  |TAMS 0x0000000708f00000, 0x0000000708f00000| Untracked 
|  76|0x0000000709000000, 0x0000000709000000, 0x0000000709100000|  0%| F|  |TAMS 0x0000000709000000, 0x0000000709000000| Untracked 
|  77|0x0000000709100000, 0x0000000709100000, 0x0000000709200000|  0%| F|  |TAMS 0x0000000709100000, 0x0000000709100000| Untracked 
|  78|0x0000000709200000, 0x0000000709200000, 0x0000000709300000|  0%| F|  |TAMS 0x0000000709200000, 0x0000000709200000| Untracked 
|  79|0x0000000709300000, 0x0000000709300000, 0x0000000709400000|  0%| F|  |TAMS 0x0000000709300000, 0x0000000709300000| Untracked 
|  80|0x0000000709400000, 0x0000000709400000, 0x0000000709500000|  0%| F|  |TAMS 0x0000000709400000, 0x0000000709400000| Untracked 
|  81|0x0000000709500000, 0x0000000709500000, 0x0000000709600000|  0%| F|  |TAMS 0x0000000709500000, 0x0000000709500000| Untracked 
|  82|0x0000000709600000, 0x0000000709600000, 0x0000000709700000|  0%| F|  |TAMS 0x0000000709600000, 0x0000000709600000| Untracked 
|  83|0x0000000709700000, 0x0000000709700000, 0x0000000709800000|  0%| F|  |TAMS 0x0000000709700000, 0x0000000709700000| Untracked 
|  84|0x0000000709800000, 0x0000000709800000, 0x0000000709900000|  0%| F|  |TAMS 0x0000000709800000, 0x0000000709800000| Untracked 
|  85|0x0000000709900000, 0x0000000709900000, 0x0000000709a00000|  0%| F|  |TAMS 0x0000000709900000, 0x0000000709900000| Untracked 
|  86|0x0000000709a00000, 0x0000000709a00000, 0x0000000709b00000|  0%| F|  |TAMS 0x0000000709a00000, 0x0000000709a00000| Untracked 
|  87|0x0000000709b00000, 0x0000000709b00000, 0x0000000709c00000|  0%| F|  |TAMS 0x0000000709b00000, 0x0000000709b00000| Untracked 
|  88|0x0000000709c00000, 0x0000000709c00000, 0x0000000709d00000|  0%| F|  |TAMS 0x0000000709c00000, 0x0000000709c00000| Untracked 
|  89|0x0000000709d00000, 0x0000000709d00000, 0x0000000709e00000|  0%| F|  |TAMS 0x0000000709d00000, 0x0000000709d00000| Untracked 
|  90|0x0000000709e00000, 0x0000000709e00000, 0x0000000709f00000|  0%| F|  |TAMS 0x0000000709e00000, 0x0000000709e00000| Untracked 
|  91|0x0000000709f00000, 0x0000000709f00000, 0x000000070a000000|  0%| F|  |TAMS 0x0000000709f00000, 0x0000000709f00000| Untracked 
|  92|0x000000070a000000, 0x000000070a000000, 0x000000070a100000|  0%| F|  |TAMS 0x000000070a000000, 0x000000070a000000| Untracked 
|  93|0x000000070a100000, 0x000000070a100000, 0x000000070a200000|  0%| F|  |TAMS 0x000000070a100000, 0x000000070a100000| Untracked 
|  94|0x000000070a200000, 0x000000070a200000, 0x000000070a300000|  0%| F|  |TAMS 0x000000070a200000, 0x000000070a200000| Untracked 
|  95|0x000000070a300000, 0x000000070a300000, 0x000000070a400000|  0%| F|  |TAMS 0x000000070a300000, 0x000000070a300000| Untracked 
|  96|0x000000070a400000, 0x000000070a400000, 0x000000070a500000|  0%| F|  |TAMS 0x000000070a400000, 0x000000070a400000| Untracked 
|  97|0x000000070a500000, 0x000000070a500000, 0x000000070a600000|  0%| F|  |TAMS 0x000000070a500000, 0x000000070a500000| Untracked 
|  98|0x000000070a600000, 0x000000070a600000, 0x000000070a700000|  0%| F|  |TAMS 0x000000070a600000, 0x000000070a600000| Untracked 
|  99|0x000000070a700000, 0x000000070a700000, 0x000000070a800000|  0%| F|  |TAMS 0x000000070a700000, 0x000000070a700000| Untracked 
| 100|0x000000070a800000, 0x000000070a800000, 0x000000070a900000|  0%| F|  |TAMS 0x000000070a800000, 0x000000070a800000| Untracked 
| 101|0x000000070a900000, 0x000000070a900000, 0x000000070aa00000|  0%| F|  |TAMS 0x000000070a900000, 0x000000070a900000| Untracked 
| 102|0x000000070aa00000, 0x000000070aa00000, 0x000000070ab00000|  0%| F|  |TAMS 0x000000070aa00000, 0x000000070aa00000| Untracked 
| 103|0x000000070ab00000, 0x000000070ab00000, 0x000000070ac00000|  0%| F|  |TAMS 0x000000070ab00000, 0x000000070ab00000| Untracked 
| 104|0x000000070ac00000, 0x000000070ac00000, 0x000000070ad00000|  0%| F|  |TAMS 0x000000070ac00000, 0x000000070ac00000| Untracked 
| 105|0x000000070ad00000, 0x000000070ad00000, 0x000000070ae00000|  0%| F|  |TAMS 0x000000070ad00000, 0x000000070ad00000| Untracked 
| 106|0x000000070ae00000, 0x000000070ae00000, 0x000000070af00000|  0%| F|  |TAMS 0x000000070ae00000, 0x000000070ae00000| Untracked 
| 107|0x000000070af00000, 0x000000070af00000, 0x000000070b000000|  0%| F|  |TAMS 0x000000070af00000, 0x000000070af00000| Untracked 
| 108|0x000000070b000000, 0x000000070b000000, 0x000000070b100000|  0%| F|  |TAMS 0x000000070b000000, 0x000000070b000000| Untracked 
| 109|0x000000070b100000, 0x000000070b100000, 0x000000070b200000|  0%| F|  |TAMS 0x000000070b100000, 0x000000070b100000| Untracked 
| 110|0x000000070b200000, 0x000000070b200000, 0x000000070b300000|  0%| F|  |TAMS 0x000000070b200000, 0x000000070b200000| Untracked 
| 111|0x000000070b300000, 0x000000070b300000, 0x000000070b400000|  0%| F|  |TAMS 0x000000070b300000, 0x000000070b300000| Untracked 
| 112|0x000000070b400000, 0x000000070b400000, 0x000000070b500000|  0%| F|  |TAMS 0x000000070b400000, 0x000000070b400000| Untracked 
| 113|0x000000070b500000, 0x000000070b500000, 0x000000070b600000|  0%| F|  |TAMS 0x000000070b500000, 0x000000070b500000| Untracked 
| 114|0x000000070b600000, 0x000000070b600000, 0x000000070b700000|  0%| F|  |TAMS 0x000000070b600000, 0x000000070b600000| Untracked 
| 115|0x000000070b700000, 0x000000070b700000, 0x000000070b800000|  0%| F|  |TAMS 0x000000070b700000, 0x000000070b700000| Untracked 
| 116|0x000000070b800000, 0x000000070b800000, 0x000000070b900000|  0%| F|  |TAMS 0x000000070b800000, 0x000000070b800000| Untracked 
| 117|0x000000070b900000, 0x000000070b900000, 0x000000070ba00000|  0%| F|  |TAMS 0x000000070b900000, 0x000000070b900000| Untracked 
| 118|0x000000070ba00000, 0x000000070ba00000, 0x000000070bb00000|  0%| F|  |TAMS 0x000000070ba00000, 0x000000070ba00000| Untracked 
| 119|0x000000070bb00000, 0x000000070bb00000, 0x000000070bc00000|  0%| F|  |TAMS 0x000000070bb00000, 0x000000070bb00000| Untracked 
| 120|0x000000070bc00000, 0x000000070bc00000, 0x000000070bd00000|  0%| F|  |TAMS 0x000000070bc00000, 0x000000070bc00000| Untracked 
| 121|0x000000070bd00000, 0x000000070bd00000, 0x000000070be00000|  0%| F|  |TAMS 0x000000070bd00000, 0x000000070bd00000| Untracked 
| 122|0x000000070be00000, 0x000000070be00000, 0x000000070bf00000|  0%| F|  |TAMS 0x000000070be00000, 0x000000070be00000| Untracked 
| 123|0x000000070bf00000, 0x000000070bf00000, 0x000000070c000000|  0%| F|  |TAMS 0x000000070bf00000, 0x000000070bf00000| Untracked 
| 124|0x000000070c000000, 0x000000070c000000, 0x000000070c100000|  0%| F|  |TAMS 0x000000070c000000, 0x000000070c000000| Untracked 
| 125|0x000000070c100000, 0x000000070c100000, 0x000000070c200000|  0%| F|  |TAMS 0x000000070c100000, 0x000000070c100000| Untracked 
| 126|0x000000070c200000, 0x000000070c200000, 0x000000070c300000|  0%| F|  |TAMS 0x000000070c200000, 0x000000070c200000| Untracked 
| 127|0x000000070c300000, 0x000000070c300000, 0x000000070c400000|  0%| F|  |TAMS 0x000000070c300000, 0x000000070c300000| Untracked 
| 128|0x000000070c400000, 0x000000070c400000, 0x000000070c500000|  0%| F|  |TAMS 0x000000070c400000, 0x000000070c400000| Untracked 
| 129|0x000000070c500000, 0x000000070c500000, 0x000000070c600000|  0%| F|  |TAMS 0x000000070c500000, 0x000000070c500000| Untracked 
| 130|0x000000070c600000, 0x000000070c600000, 0x000000070c700000|  0%| F|  |TAMS 0x000000070c600000, 0x000000070c600000| Untracked 
| 131|0x000000070c700000, 0x000000070c700000, 0x000000070c800000|  0%| F|  |TAMS 0x000000070c700000, 0x000000070c700000| Untracked 
| 132|0x000000070c800000, 0x000000070c800000, 0x000000070c900000|  0%| F|  |TAMS 0x000000070c800000, 0x000000070c800000| Untracked 
| 133|0x000000070c900000, 0x000000070c900000, 0x000000070ca00000|  0%| F|  |TAMS 0x000000070c900000, 0x000000070c900000| Untracked 
| 134|0x000000070ca00000, 0x000000070ca00000, 0x000000070cb00000|  0%| F|  |TAMS 0x000000070ca00000, 0x000000070ca00000| Untracked 
| 135|0x000000070cb00000, 0x000000070cb00000, 0x000000070cc00000|  0%| F|  |TAMS 0x000000070cb00000, 0x000000070cb00000| Untracked 
| 136|0x000000070cc00000, 0x000000070cc00000, 0x000000070cd00000|  0%| F|  |TAMS 0x000000070cc00000, 0x000000070cc00000| Untracked 
| 137|0x000000070cd00000, 0x000000070cd00000, 0x000000070ce00000|  0%| F|  |TAMS 0x000000070cd00000, 0x000000070cd00000| Untracked 
| 138|0x000000070ce00000, 0x000000070ce00000, 0x000000070cf00000|  0%| F|  |TAMS 0x000000070ce00000, 0x000000070ce00000| Untracked 
| 139|0x000000070cf00000, 0x000000070cf00000, 0x000000070d000000|  0%| F|  |TAMS 0x000000070cf00000, 0x000000070cf00000| Untracked 
| 140|0x000000070d000000, 0x000000070d000000, 0x000000070d100000|  0%| F|  |TAMS 0x000000070d000000, 0x000000070d000000| Untracked 
| 141|0x000000070d100000, 0x000000070d100000, 0x000000070d200000|  0%| F|  |TAMS 0x000000070d100000, 0x000000070d100000| Untracked 
| 142|0x000000070d200000, 0x000000070d200000, 0x000000070d300000|  0%| F|  |TAMS 0x000000070d200000, 0x000000070d200000| Untracked 
| 143|0x000000070d300000, 0x000000070d300000, 0x000000070d400000|  0%| F|  |TAMS 0x000000070d300000, 0x000000070d300000| Untracked 
| 144|0x000000070d400000, 0x000000070d400000, 0x000000070d500000|  0%| F|  |TAMS 0x000000070d400000, 0x000000070d400000| Untracked 
| 145|0x000000070d500000, 0x000000070d500000, 0x000000070d600000|  0%| F|  |TAMS 0x000000070d500000, 0x000000070d500000| Untracked 
| 146|0x000000070d600000, 0x000000070d600000, 0x000000070d700000|  0%| F|  |TAMS 0x000000070d600000, 0x000000070d600000| Untracked 
| 147|0x000000070d700000, 0x000000070d700000, 0x000000070d800000|  0%| F|  |TAMS 0x000000070d700000, 0x000000070d700000| Untracked 
| 148|0x000000070d800000, 0x000000070d800000, 0x000000070d900000|  0%| F|  |TAMS 0x000000070d800000, 0x000000070d800000| Untracked 
| 149|0x000000070d900000, 0x000000070d900000, 0x000000070da00000|  0%| F|  |TAMS 0x000000070d900000, 0x000000070d900000| Untracked 
| 150|0x000000070da00000, 0x000000070da00000, 0x000000070db00000|  0%| F|  |TAMS 0x000000070da00000, 0x000000070da00000| Untracked 
| 151|0x000000070db00000, 0x000000070db00000, 0x000000070dc00000|  0%| F|  |TAMS 0x000000070db00000, 0x000000070db00000| Untracked 
| 152|0x000000070dc00000, 0x000000070dc00000, 0x000000070dd00000|  0%| F|  |TAMS 0x000000070dc00000, 0x000000070dc00000| Untracked 
| 153|0x000000070dd00000, 0x000000070dd00000, 0x000000070de00000|  0%| F|  |TAMS 0x000000070dd00000, 0x000000070dd00000| Untracked 
| 154|0x000000070de00000, 0x000000070de00000, 0x000000070df00000|  0%| F|  |TAMS 0x000000070de00000, 0x000000070de00000| Untracked 
| 155|0x000000070df00000, 0x000000070df00000, 0x000000070e000000|  0%| F|  |TAMS 0x000000070df00000, 0x000000070df00000| Untracked 
| 156|0x000000070e000000, 0x000000070e0d6420, 0x000000070e100000| 83%| S|CS|TAMS 0x000000070e000000, 0x000000070e000000| Complete 
| 157|0x000000070e100000, 0x000000070e200000, 0x000000070e200000|100%| S|CS|TAMS 0x000000070e100000, 0x000000070e100000| Complete 
| 158|0x000000070e200000, 0x000000070e300000, 0x000000070e300000|100%| S|CS|TAMS 0x000000070e200000, 0x000000070e200000| Complete 
| 159|0x000000070e300000, 0x000000070e400000, 0x000000070e400000|100%| S|CS|TAMS 0x000000070e300000, 0x000000070e300000| Complete 
| 160|0x000000070e400000, 0x000000070e500000, 0x000000070e500000|100%| S|CS|TAMS 0x000000070e400000, 0x000000070e400000| Complete 
| 161|0x000000070e500000, 0x000000070e600000, 0x000000070e600000|100%| S|CS|TAMS 0x000000070e500000, 0x000000070e500000| Complete 
| 162|0x000000070e600000, 0x000000070e700000, 0x000000070e700000|100%| S|CS|TAMS 0x000000070e600000, 0x000000070e600000| Complete 
| 163|0x000000070e700000, 0x000000070e800000, 0x000000070e800000|100%| S|CS|TAMS 0x000000070e700000, 0x000000070e700000| Complete 
| 164|0x000000070e800000, 0x000000070e900000, 0x000000070e900000|100%|HS|  |TAMS 0x000000070e900000, 0x000000070e800000| Complete 
| 165|0x000000070e900000, 0x000000070ea00000, 0x000000070ea00000|100%|HC|  |TAMS 0x000000070ea00000, 0x000000070e900000| Complete 
| 166|0x000000070ea00000, 0x000000070eb00000, 0x000000070eb00000|100%|HC|  |TAMS 0x000000070eb00000, 0x000000070ea00000| Complete 
| 167|0x000000070eb00000, 0x000000070ec00000, 0x000000070ec00000|100%|HC|  |TAMS 0x000000070ec00000, 0x000000070eb00000| Complete 
| 168|0x000000070ec00000, 0x000000070ed00000, 0x000000070ed00000|100%|HC|  |TAMS 0x000000070ed00000, 0x000000070ec00000| Complete 
| 169|0x000000070ed00000, 0x000000070ee00000, 0x000000070ee00000|100%|HC|  |TAMS 0x000000070ee00000, 0x000000070ed00000| Complete 
| 170|0x000000070ee00000, 0x000000070ef00000, 0x000000070ef00000|100%|HC|  |TAMS 0x000000070ef00000, 0x000000070ee00000| Complete 
| 171|0x000000070ef00000, 0x000000070f000000, 0x000000070f000000|100%|HC|  |TAMS 0x000000070f000000, 0x000000070ef00000| Complete 
| 172|0x000000070f000000, 0x000000070f100000, 0x000000070f100000|100%| S|CS|TAMS 0x000000070f000000, 0x000000070f000000| Complete 
| 173|0x000000070f100000, 0x000000070f100000, 0x000000070f200000|  0%| F|  |TAMS 0x000000070f100000, 0x000000070f100000| Untracked 
| 174|0x000000070f200000, 0x000000070f200000, 0x000000070f300000|  0%| F|  |TAMS 0x000000070f200000, 0x000000070f200000| Untracked 
| 175|0x000000070f300000, 0x000000070f300000, 0x000000070f400000|  0%| F|  |TAMS 0x000000070f300000, 0x000000070f300000| Untracked 
| 176|0x000000070f400000, 0x000000070f400000, 0x000000070f500000|  0%| F|  |TAMS 0x000000070f400000, 0x000000070f400000| Untracked 
| 177|0x000000070f500000, 0x000000070f500000, 0x000000070f600000|  0%| F|  |TAMS 0x000000070f500000, 0x000000070f500000| Untracked 
| 178|0x000000070f600000, 0x000000070f600000, 0x000000070f700000|  0%| F|  |TAMS 0x000000070f600000, 0x000000070f600000| Untracked 
| 179|0x000000070f700000, 0x000000070f700000, 0x000000070f800000|  0%| F|  |TAMS 0x000000070f700000, 0x000000070f700000| Untracked 
| 180|0x000000070f800000, 0x000000070f800000, 0x000000070f900000|  0%| F|  |TAMS 0x000000070f800000, 0x000000070f800000| Untracked 
| 181|0x000000070f900000, 0x000000070f900000, 0x000000070fa00000|  0%| F|  |TAMS 0x000000070f900000, 0x000000070f900000| Untracked 
| 182|0x000000070fa00000, 0x000000070fa00000, 0x000000070fb00000|  0%| F|  |TAMS 0x000000070fa00000, 0x000000070fa00000| Untracked 
| 183|0x000000070fb00000, 0x000000070fb00000, 0x000000070fc00000|  0%| F|  |TAMS 0x000000070fb00000, 0x000000070fb00000| Untracked 
| 184|0x000000070fc00000, 0x000000070fc00000, 0x000000070fd00000|  0%| F|  |TAMS 0x000000070fc00000, 0x000000070fc00000| Untracked 
| 185|0x000000070fd00000, 0x000000070fd00000, 0x000000070fe00000|  0%| F|  |TAMS 0x000000070fd00000, 0x000000070fd00000| Untracked 
| 186|0x000000070fe00000, 0x000000070fe00000, 0x000000070ff00000|  0%| F|  |TAMS 0x000000070fe00000, 0x000000070fe00000| Untracked 
| 187|0x000000070ff00000, 0x000000070ff00000, 0x0000000710000000|  0%| F|  |TAMS 0x000000070ff00000, 0x000000070ff00000| Untracked 
| 188|0x0000000710000000, 0x0000000710000000, 0x0000000710100000|  0%| F|  |TAMS 0x0000000710000000, 0x0000000710000000| Untracked 
| 189|0x0000000710100000, 0x0000000710100000, 0x0000000710200000|  0%| F|  |TAMS 0x0000000710100000, 0x0000000710100000| Untracked 
| 190|0x0000000710200000, 0x0000000710200000, 0x0000000710300000|  0%| F|  |TAMS 0x0000000710200000, 0x0000000710200000| Untracked 
| 191|0x0000000710300000, 0x0000000710300000, 0x0000000710400000|  0%| F|  |TAMS 0x0000000710300000, 0x0000000710300000| Untracked 
| 192|0x0000000710400000, 0x0000000710400000, 0x0000000710500000|  0%| F|  |TAMS 0x0000000710400000, 0x0000000710400000| Untracked 
| 193|0x0000000710500000, 0x0000000710500000, 0x0000000710600000|  0%| F|  |TAMS 0x0000000710500000, 0x0000000710500000| Untracked 
| 194|0x0000000710600000, 0x0000000710600000, 0x0000000710700000|  0%| F|  |TAMS 0x0000000710600000, 0x0000000710600000| Untracked 
| 195|0x0000000710700000, 0x0000000710700000, 0x0000000710800000|  0%| F|  |TAMS 0x0000000710700000, 0x0000000710700000| Untracked 
| 196|0x0000000710800000, 0x0000000710800000, 0x0000000710900000|  0%| F|  |TAMS 0x0000000710800000, 0x0000000710800000| Untracked 
| 197|0x0000000710900000, 0x0000000710900000, 0x0000000710a00000|  0%| F|  |TAMS 0x0000000710900000, 0x0000000710900000| Untracked 
| 198|0x0000000710a00000, 0x0000000710a00000, 0x0000000710b00000|  0%| F|  |TAMS 0x0000000710a00000, 0x0000000710a00000| Untracked 
| 199|0x0000000710b00000, 0x0000000710b00000, 0x0000000710c00000|  0%| F|  |TAMS 0x0000000710b00000, 0x0000000710b00000| Untracked 
| 200|0x0000000710c00000, 0x0000000710c00000, 0x0000000710d00000|  0%| F|  |TAMS 0x0000000710c00000, 0x0000000710c00000| Untracked 
| 201|0x0000000710d00000, 0x0000000710d00000, 0x0000000710e00000|  0%| F|  |TAMS 0x0000000710d00000, 0x0000000710d00000| Untracked 
| 202|0x0000000710e00000, 0x0000000710ec5a00, 0x0000000710f00000| 77%| E|  |TAMS 0x0000000710e00000, 0x0000000710e00000| Complete 
| 203|0x0000000710f00000, 0x0000000711000000, 0x0000000711000000|100%| E|CS|TAMS 0x0000000710f00000, 0x0000000710f00000| Complete 
| 204|0x0000000711000000, 0x0000000711100000, 0x0000000711100000|100%| E|CS|TAMS 0x0000000711000000, 0x0000000711000000| Complete 
| 205|0x0000000711100000, 0x0000000711200000, 0x0000000711200000|100%| E|CS|TAMS 0x0000000711100000, 0x0000000711100000| Complete 
| 206|0x0000000711200000, 0x0000000711300000, 0x0000000711300000|100%| E|CS|TAMS 0x0000000711200000, 0x0000000711200000| Complete 
| 207|0x0000000711300000, 0x0000000711400000, 0x0000000711400000|100%| E|CS|TAMS 0x0000000711300000, 0x0000000711300000| Complete 
| 208|0x0000000711400000, 0x0000000711500000, 0x0000000711500000|100%| E|CS|TAMS 0x0000000711400000, 0x0000000711400000| Complete 
| 209|0x0000000711500000, 0x0000000711600000, 0x0000000711600000|100%| E|CS|TAMS 0x0000000711500000, 0x0000000711500000| Complete 
| 210|0x0000000711600000, 0x0000000711700000, 0x0000000711700000|100%| E|CS|TAMS 0x0000000711600000, 0x0000000711600000| Complete 
| 211|0x0000000711700000, 0x0000000711800000, 0x0000000711800000|100%| E|CS|TAMS 0x0000000711700000, 0x0000000711700000| Complete 
| 212|0x0000000711800000, 0x0000000711900000, 0x0000000711900000|100%| E|CS|TAMS 0x0000000711800000, 0x0000000711800000| Complete 
| 213|0x0000000711900000, 0x0000000711a00000, 0x0000000711a00000|100%| E|CS|TAMS 0x0000000711900000, 0x0000000711900000| Complete 
| 214|0x0000000711a00000, 0x0000000711b00000, 0x0000000711b00000|100%| E|CS|TAMS 0x0000000711a00000, 0x0000000711a00000| Complete 
| 215|0x0000000711b00000, 0x0000000711c00000, 0x0000000711c00000|100%| E|CS|TAMS 0x0000000711b00000, 0x0000000711b00000| Complete 
| 216|0x0000000711c00000, 0x0000000711d00000, 0x0000000711d00000|100%| E|CS|TAMS 0x0000000711c00000, 0x0000000711c00000| Complete 
| 217|0x0000000711d00000, 0x0000000711e00000, 0x0000000711e00000|100%| E|CS|TAMS 0x0000000711d00000, 0x0000000711d00000| Complete 
| 218|0x0000000711e00000, 0x0000000711f00000, 0x0000000711f00000|100%| E|CS|TAMS 0x0000000711e00000, 0x0000000711e00000| Complete 
| 219|0x0000000711f00000, 0x0000000712000000, 0x0000000712000000|100%| E|CS|TAMS 0x0000000711f00000, 0x0000000711f00000| Complete 
| 220|0x0000000712000000, 0x0000000712100000, 0x0000000712100000|100%| E|CS|TAMS 0x0000000712000000, 0x0000000712000000| Complete 
| 221|0x0000000712100000, 0x0000000712200000, 0x0000000712200000|100%| E|CS|TAMS 0x0000000712100000, 0x0000000712100000| Complete 
| 222|0x0000000712200000, 0x0000000712300000, 0x0000000712300000|100%| E|CS|TAMS 0x0000000712200000, 0x0000000712200000| Complete 
| 223|0x0000000712300000, 0x0000000712400000, 0x0000000712400000|100%| E|CS|TAMS 0x0000000712300000, 0x0000000712300000| Complete 
| 224|0x0000000712400000, 0x0000000712500000, 0x0000000712500000|100%| E|CS|TAMS 0x0000000712400000, 0x0000000712400000| Complete 
| 225|0x0000000712500000, 0x0000000712600000, 0x0000000712600000|100%| E|CS|TAMS 0x0000000712500000, 0x0000000712500000| Complete 
| 226|0x0000000712600000, 0x0000000712700000, 0x0000000712700000|100%| E|CS|TAMS 0x0000000712600000, 0x0000000712600000| Complete 
| 227|0x0000000712700000, 0x0000000712800000, 0x0000000712800000|100%| E|CS|TAMS 0x0000000712700000, 0x0000000712700000| Complete 
| 228|0x0000000712800000, 0x0000000712900000, 0x0000000712900000|100%| E|CS|TAMS 0x0000000712800000, 0x0000000712800000| Complete 
| 229|0x0000000712900000, 0x0000000712a00000, 0x0000000712a00000|100%| E|CS|TAMS 0x0000000712900000, 0x0000000712900000| Complete 
| 230|0x0000000712a00000, 0x0000000712b00000, 0x0000000712b00000|100%| E|CS|TAMS 0x0000000712a00000, 0x0000000712a00000| Complete 
| 231|0x0000000712b00000, 0x0000000712c00000, 0x0000000712c00000|100%| E|CS|TAMS 0x0000000712b00000, 0x0000000712b00000| Complete 
| 232|0x0000000712c00000, 0x0000000712d00000, 0x0000000712d00000|100%| E|CS|TAMS 0x0000000712c00000, 0x0000000712c00000| Complete 
| 233|0x0000000712d00000, 0x0000000712e00000, 0x0000000712e00000|100%| E|CS|TAMS 0x0000000712d00000, 0x0000000712d00000| Complete 
| 234|0x0000000712e00000, 0x0000000712f00000, 0x0000000712f00000|100%| E|CS|TAMS 0x0000000712e00000, 0x0000000712e00000| Complete 
| 235|0x0000000712f00000, 0x0000000713000000, 0x0000000713000000|100%| E|CS|TAMS 0x0000000712f00000, 0x0000000712f00000| Complete 
| 236|0x0000000713000000, 0x0000000713100000, 0x0000000713100000|100%| E|CS|TAMS 0x0000000713000000, 0x0000000713000000| Complete 
| 237|0x0000000713100000, 0x0000000713200000, 0x0000000713200000|100%| E|CS|TAMS 0x0000000713100000, 0x0000000713100000| Complete 
| 238|0x0000000713200000, 0x0000000713300000, 0x0000000713300000|100%| E|CS|TAMS 0x0000000713200000, 0x0000000713200000| Complete 
| 239|0x0000000713300000, 0x0000000713400000, 0x0000000713400000|100%| E|CS|TAMS 0x0000000713300000, 0x0000000713300000| Complete 
| 240|0x0000000713400000, 0x0000000713500000, 0x0000000713500000|100%| E|CS|TAMS 0x0000000713400000, 0x0000000713400000| Complete 
| 241|0x0000000713500000, 0x0000000713600000, 0x0000000713600000|100%| E|CS|TAMS 0x0000000713500000, 0x0000000713500000| Complete 
| 242|0x0000000713600000, 0x0000000713700000, 0x0000000713700000|100%| E|CS|TAMS 0x0000000713600000, 0x0000000713600000| Complete 
| 243|0x0000000713700000, 0x0000000713800000, 0x0000000713800000|100%| E|CS|TAMS 0x0000000713700000, 0x0000000713700000| Complete 
| 244|0x0000000713800000, 0x0000000713900000, 0x0000000713900000|100%| E|CS|TAMS 0x0000000713800000, 0x0000000713800000| Complete 
| 245|0x0000000713900000, 0x0000000713a00000, 0x0000000713a00000|100%| E|CS|TAMS 0x0000000713900000, 0x0000000713900000| Complete 
| 246|0x0000000713a00000, 0x0000000713b00000, 0x0000000713b00000|100%| E|CS|TAMS 0x0000000713a00000, 0x0000000713a00000| Complete 
| 247|0x0000000713b00000, 0x0000000713c00000, 0x0000000713c00000|100%| E|CS|TAMS 0x0000000713b00000, 0x0000000713b00000| Complete 
| 248|0x0000000713c00000, 0x0000000713d00000, 0x0000000713d00000|100%| E|CS|TAMS 0x0000000713c00000, 0x0000000713c00000| Complete 
| 249|0x0000000713d00000, 0x0000000713e00000, 0x0000000713e00000|100%| E|CS|TAMS 0x0000000713d00000, 0x0000000713d00000| Complete 
| 250|0x0000000713e00000, 0x0000000713f00000, 0x0000000713f00000|100%| E|CS|TAMS 0x0000000713e00000, 0x0000000713e00000| Complete 
| 251|0x0000000713f00000, 0x0000000714000000, 0x0000000714000000|100%| E|CS|TAMS 0x0000000713f00000, 0x0000000713f00000| Complete 

Card table byte_map: [0x000001a8bc310000,0x000001a8bcaf0000] _byte_map_base: 0x000001a8b8aee000

Marking Bits (Prev, Next): (CMBitMap*) 0x000001a8a519bad0, (CMBitMap*) 0x000001a8a519ba98
 Prev Bits: [0x000001a8c11c0000, 0x000001a8c50b0000)
 Next Bits: [0x000001a8bd2d0000, 0x000001a8c11c0000)

Polling page: 0x000001a8a4910000

Metaspace:

Usage:
  Non-class:     56.96 MB capacity,    56.11 MB ( 99%) used,   668.40 KB (  1%) free+waste,   199.31 KB ( <1%) overhead. 
      Class:      9.39 MB capacity,     8.71 MB ( 93%) used,   590.51 KB (  6%) free+waste,   101.50 KB (  1%) overhead. 
       Both:     66.35 MB capacity,    64.83 MB ( 98%) used,     1.23 MB (  2%) free+waste,   300.81 KB ( <1%) overhead. 

Virtual space:
  Non-class space:       58.00 MB reserved,      57.17 MB ( 99%) committed 
      Class space:        1.00 GB reserved,       9.45 MB ( <1%) committed 
             Both:        1.06 GB reserved,      66.62 MB (  6%) committed 

Chunk freelists:
   Non-Class:  2.88 KB
       Class:  2.00 KB
        Both:  4.88 KB

CodeHeap 'non-profiled nmethods': size=120000Kb used=3414Kb max_used=3414Kb free=116585Kb
 bounds [0x000001a8b42d0000, 0x000001a8b4630000, 0x000001a8bb800000]
CodeHeap 'profiled nmethods': size=120000Kb used=12916Kb max_used=12916Kb free=107083Kb
 bounds [0x000001a8acda0000, 0x000001a8ada40000, 0x000001a8b42d0000]
CodeHeap 'non-nmethods': size=5760Kb used=1542Kb max_used=1571Kb free=4217Kb
 bounds [0x000001a8ac800000, 0x000001a8aca70000, 0x000001a8acda0000]
 total_blobs=7433 nmethods=6412 adapters=931
 compilation: enabled
              stopped_count=0, restarted_count=0
 full_count=0

Compilation events (10 events):
Event: 35.187 Thread 0x000001a8c850e000 6414       3       javafx.scene.control.Labeled::getLabelPadding (24 bytes)
Event: 35.187 Thread 0x000001a8c850e000 nmethod 6414 0x000001a8ada3b510 code [0x000001a8ada3b6c0, 0x000001a8ada3b9e8]
Event: 35.187 Thread 0x000001a8c850e000 6413       3       javafx.scene.control.skin.LabeledSkinBase::getCleanText (64 bytes)
Event: 35.188 Thread 0x000001a8c850e000 nmethod 6413 0x000001a8ada3bb10 code [0x000001a8ada3bd40, 0x000001a8ada3c808]
Event: 35.188 Thread 0x000001a8c850e000 6412       3       javafx.scene.control.ScrollPane::isFitToHeight (19 bytes)
Event: 35.188 Thread 0x000001a8c850e000 nmethod 6412 0x000001a8ada3cb10 code [0x000001a8ada3ccc0, 0x000001a8ada3d048]
Event: 35.312 Thread 0x000001a8c850c800 nmethod 6368 0x000001a8b461e410 code [0x000001a8b461e880, 0x000001a8b4622f78]
Event: 48.489 Thread 0x000001a8c850c800 6415       4       com.sun.glass.ui.win.WinTimer::_pause (1 bytes)
Event: 48.489 Thread 0x000001a8c850c800 nmethod 6415 0x000001a8b4625690 code [0x000001a8b4625800, 0x000001a8b4625858]
Event: 86.887 Thread 0x000001a8c850c800 6416       4       com.sun.javafx.tk.quantum.QuantumToolkit::postPulse (133 bytes)

GC Heap History (10 events):
Event: 6.392 GC heap before
{Heap before GC invocations=5 (full 0):
 garbage-first heap   total 258048K, used 162258K [0x0000000704400000, 0x0000000800000000)
  region size 1024K, 3 young (3072K), 2 survivors (2048K)
 Metaspace       used 22714K, capacity 23519K, committed 23676K, reserved 1069056K
  class space    used 2892K, capacity 3238K, committed 3276K, reserved 1048576K
}
Event: 6.393 GC heap after
{Heap after GC invocations=6 (full 0):
 garbage-first heap   total 258048K, used 161756K [0x0000000704400000, 0x0000000800000000)
  region size 1024K, 1 young (1024K), 1 survivors (1024K)
 Metaspace       used 22714K, capacity 23519K, committed 23676K, reserved 1069056K
  class space    used 2892K, capacity 3238K, committed 3276K, reserved 1048576K
}
Event: 8.886 GC heap before
{Heap before GC invocations=7 (full 0):
 garbage-first heap   total 258048K, used 176092K [0x0000000704400000, 0x0000000800000000)
  region size 1024K, 11 young (11264K), 1 survivors (1024K)
 Metaspace       used 24566K, capacity 25489K, committed 25724K, reserved 1071104K
  class space    used 3290K, capacity 3701K, committed 3788K, reserved 1048576K
}
Event: 8.889 GC heap after
{Heap after GC invocations=8 (full 0):
 garbage-first heap   total 258048K, used 167627K [0x0000000704400000, 0x0000000800000000)
  region size 1024K, 2 young (2048K), 2 survivors (2048K)
 Metaspace       used 24566K, capacity 25489K, committed 25724K, reserved 1071104K
  class space    used 3290K, capacity 3701K, committed 3788K, reserved 1048576K
}
Event: 32.106 GC heap before
{Heap before GC invocations=9 (full 0):
 garbage-first heap   total 258048K, used 207563K [0x0000000704400000, 0x0000000800000000)
  region size 1024K, 34 young (34816K), 2 survivors (2048K)
 Metaspace       used 35316K, capacity 36298K, committed 36476K, reserved 1081344K
  class space    used 4484K, capacity 4931K, committed 5068K, reserved 1048576K
}
Event: 32.111 GC heap after
{Heap after GC invocations=10 (full 0):
 garbage-first heap   total 258048K, used 32913K [0x0000000704400000, 0x0000000800000000)
  region size 1024K, 5 young (5120K), 5 survivors (5120K)
 Metaspace       used 35316K, capacity 36298K, committed 36476K, reserved 1081344K
  class space    used 4484K, capacity 4931K, committed 5068K, reserved 1048576K
}
Event: 32.471 GC heap before
{Heap before GC invocations=10 (full 0):
 garbage-first heap   total 258048K, used 52369K [0x0000000704400000, 0x0000000800000000)
  region size 1024K, 25 young (25600K), 5 survivors (5120K)
 Metaspace       used 41693K, capacity 42813K, committed 42876K, reserved 1087488K
  class space    used 5304K, capacity 5804K, committed 5836K, reserved 1048576K
}
Event: 32.477 GC heap after
{Heap after GC invocations=11 (full 0):
 garbage-first heap   total 258048K, used 34139K [0x0000000704400000, 0x0000000800000000)
  region size 1024K, 7 young (7168K), 7 survivors (7168K)
 Metaspace       used 41693K, capacity 42813K, committed 42876K, reserved 1087488K
  class space    used 5304K, capacity 5804K, committed 5836K, reserved 1048576K
}
Event: 33.950 GC heap before
{Heap before GC invocations=12 (full 0):
 garbage-first heap   total 258048K, used 106843K [0x0000000704400000, 0x0000000800000000)
  region size 1024K, 79 young (80896K), 7 survivors (7168K)
 Metaspace       used 58201K, capacity 59522K, committed 59772K, reserved 1101824K
  class space    used 7709K, capacity 8268K, committed 8396K, reserved 1048576K
}
Event: 33.958 GC heap after
{Heap after GC invocations=13 (full 0):
 garbage-first heap   total 258048K, used 38022K [0x0000000704400000, 0x0000000800000000)
  region size 1024K, 9 young (9216K), 9 survivors (9216K)
 Metaspace       used 58201K, capacity 59522K, committed 59772K, reserved 1101824K
  class space    used 7709K, capacity 8268K, committed 8396K, reserved 1048576K
}

Deoptimization events (10 events):
Event: 33.775 Thread 0x000001a8c93a3800 Uncommon trap: reason=profile_predicate action=maybe_recompile pc=0x000001a8b4578988 method=java.lang.PublicMethods$MethodList.filter([Ljava/lang/reflect/Method;Ljava/lang/String;[Ljava/lang/Class;Z)Ljava/lang/PublicMethods$MethodList; @ 21 c2
Event: 33.775 Thread 0x000001a8c93a3800 Uncommon trap: reason=profile_predicate action=maybe_recompile pc=0x000001a8b4578988 method=java.lang.PublicMethods$MethodList.filter([Ljava/lang/reflect/Method;Ljava/lang/String;[Ljava/lang/Class;Z)Ljava/lang/PublicMethods$MethodList; @ 21 c2
Event: 34.744 Thread 0x000001a8c93a3800 Uncommon trap: reason=unstable_if action=reinterpret pc=0x000001a8b44f2c20 method=java.lang.Integer.stringSize(I)I @ 3 c2
Event: 34.744 Thread 0x000001a8c93a3800 Uncommon trap: reason=unstable_if action=reinterpret pc=0x000001a8b45f1404 method=java.lang.Integer.stringSize(I)I @ 19 c2
Event: 34.806 Thread 0x000001a8c93a3800 Uncommon trap: reason=bimorphic_or_optimized_type_check action=maybe_recompile pc=0x000001a8b453f0ac method=java.util.stream.ReferencePipeline$7$1.accept(Ljava/lang/Object;)V @ 68 c2
Event: 34.806 Thread 0x000001a8c93a3800 Uncommon trap: reason=bimorphic_or_optimized_type_check action=maybe_recompile pc=0x000001a8b453f0ac method=java.util.stream.ReferencePipeline$7$1.accept(Ljava/lang/Object;)V @ 68 c2
Event: 34.806 Thread 0x000001a8c93a3800 Uncommon trap: reason=bimorphic_or_optimized_type_check action=maybe_recompile pc=0x000001a8b453f0ac method=java.util.stream.ReferencePipeline$7$1.accept(Ljava/lang/Object;)V @ 68 c2
Event: 34.821 Thread 0x000001a8c93a3800 Uncommon trap: reason=bimorphic_or_optimized_type_check action=maybe_recompile pc=0x000001a8b453f0ac method=java.util.stream.ReferencePipeline$7$1.accept(Ljava/lang/Object;)V @ 68 c2
Event: 35.106 Thread 0x000001a8c93a3800 Uncommon trap: reason=unstable_if action=reinterpret pc=0x000001a8b460bfc0 method=org.antlr.v4.runtime.atn.ATNState.addTransition(ILorg/antlr/v4/runtime/atn/Transition;)V @ 115 c2
Event: 35.172 Thread 0x000001a8c93a3800 Uncommon trap: reason=unstable_if action=reinterpret pc=0x000001a8b4453778 method=java.lang.Math.round(F)I @ 23 c2

Classes redefined (0 events):
No events

Internal exceptions (10 events):
Event: 34.459 Thread 0x000001a8c93a3800 Exception <a 'java/lang/NoSuchMethodError'{0x0000000712756db0}: java.lang.invoke.DirectMethodHandle$Holder.invokeSpecial(Ljava/lang/Object;Ljava/lang/Object;Ljava/lang/Object;Ljava/lang/Object;Ljava/lang/Object;Ljava/lang/Object;Ljava/lang/Object;Ljava/la
Event: 34.459 Thread 0x000001a8c93a3800 Exception <a 'java/lang/NoSuchMethodError'{0x000000071275a990}: java.lang.invoke.Invokers$Holder.linkToTargetMethod(Ljava/lang/Object;Ljava/lang/Object;Ljava/lang/Object;Ljava/lang/Object;Ljava/lang/Object;Ljava/lang/Object;ILjava/lang/Object;)Ljava/lang/
Event: 34.485 Thread 0x000001a8c93a3800 Exception <a 'java/lang/NoSuchMethodError'{0x0000000712662768}: java.lang.invoke.DirectMethodHandle$Holder.invokeInterface(Ljava/lang/Object;Ljava/lang/Object;)V> (0x0000000712662768) thrown at [./open/src/hotspot/share/interpreter/linkResolver.cpp, line 
Event: 34.514 Thread 0x000001a8c93a3800 Exception <a 'java/lang/NoSuchMethodError'{0x00000007125ccef0}: java.lang.invoke.DirectMethodHandle$Holder.invokeStaticInit(Ljava/lang/Object;Ljava/lang/Object;Ljava/lang/Object;)Ljava/lang/Object;> (0x00000007125ccef0) thrown at [./open/src/hotspot/share
Event: 34.791 Thread 0x000001a8c93a3800 Exception <a 'java/lang/NoSuchMethodError'{0x0000000711f5a588}: java.lang.invoke.DelegatingMethodHandle$Holder.reinvoke_L(Ljava/lang/Object;ILjava/lang/Object;I)Ljava/lang/Object;> (0x0000000711f5a588) thrown at [./open/src/hotspot/share/interpreter/linkR
Event: 35.148 Thread 0x000001a8c93a3800 Exception <a 'java/lang/NoSuchMethodError'{0x0000000711051cb0}: java.lang.invoke.DirectMethodHandle$Holder.invokeSpecial(Ljava/lang/Object;Ljava/lang/Object;IILjava/lang/Object;II)Ljava/lang/Object;> (0x0000000711051cb0) thrown at [./open/src/hotspot/shar
Event: 35.148 Thread 0x000001a8c93a3800 Exception <a 'java/lang/NoSuchMethodError'{0x0000000711055580}: java.lang.invoke.DelegatingMethodHandle$Holder.reinvoke_L(Ljava/lang/Object;IILjava/lang/Object;II)Ljava/lang/Object;> (0x0000000711055580) thrown at [./open/src/hotspot/share/interpreter/lin
Event: 35.149 Thread 0x000001a8c93a3800 Exception <a 'java/lang/NoSuchMethodError'{0x00000007110623e8}: java.lang.invoke.Invokers$Holder.linkToTargetMethod(Ljava/lang/Object;IILjava/lang/Object;)Ljava/lang/Object;> (0x00000007110623e8) thrown at [./open/src/hotspot/share/interpreter/linkResolve
Event: 35.158 Thread 0x000001a8c93a3800 Exception <a 'java/lang/reflect/InvocationTargetException'{0x00000007110b3aa8}> (0x00000007110b3aa8) thrown at [./open/src/hotspot/share/runtime/reflection.cpp, line 1242]
Event: 35.158 Thread 0x000001a8c93a3800 Exception <a 'java/lang/RuntimeException'{0x00000007110b4840}> (0x00000007110b4840) thrown at [./open/src/hotspot/share/prims/jvm.cpp, line 1309]

Events (10 events):
Event: 35.158 loading class org/hibernate/engine/spi/ManagedEntity
Event: 35.158 loading class org/hibernate/engine/spi/ManagedEntity done
Event: 35.159 loading class java/lang/Throwable$WrappedPrintStream
Event: 35.159 loading class java/lang/Throwable$PrintStreamOrWriter
Event: 35.159 loading class java/lang/Throwable$PrintStreamOrWriter done
Event: 35.159 loading class java/lang/Throwable$WrappedPrintStream done
Event: 35.172 Thread 0x000001a8c93a3800 Uncommon trap: trap_request=0xffffff4d fr.pc=0x000001a8b4453778 relative=0x0000000000000078
Event: 35.172 Thread 0x000001a8c93a3800 DEOPT PACKING pc=0x000001a8b4453778 sp=0x0000007ff96fd4d0
Event: 35.172 Thread 0x000001a8c93a3800 DEOPT UNPACKING pc=0x000001a8ac8083af sp=0x0000007ff96fd450 mode 2
Event: 40.186 Thread 0x000001a8d2347800 Thread exited: 0x000001a8d2347800


Dynamic libraries:
0x00007ff735990000 - 0x00007ff73599f000 	C:\Program Files\Java\jdk-11.0.17\bin\java.exe
0x00007ffa0ec50000 - 0x00007ffa0ee67000 	C:\Windows\SYSTEM32\ntdll.dll
0x00007ffa0c990000 - 0x00007ffa0ca54000 	C:\Windows\System32\KERNEL32.DLL
0x00007ffa0c300000 - 0x00007ffa0c6ac000 	C:\Windows\System32\KERNELBASE.dll
0x00007ffa0c800000 - 0x00007ffa0c911000 	C:\Windows\System32\ucrtbase.dll
0x00007ff9b8e50000 - 0x00007ff9b8e65000 	C:\Program Files\Java\jdk-11.0.17\bin\VCRUNTIME140.dll
0x00007ff9b8de0000 - 0x00007ff9b8df8000 	C:\Program Files\Java\jdk-11.0.17\bin\jli.dll
0x00007ffa0e690000 - 0x00007ffa0e742000 	C:\Windows\System32\ADVAPI32.dll
0x00007ffa0e750000 - 0x00007ffa0e7f7000 	C:\Windows\System32\msvcrt.dll
0x00007ffa0e5a0000 - 0x00007ffa0e64a000 	C:\Windows\System32\sechost.dll
0x00007ffa0c000000 - 0x00007ffa0c028000 	C:\Windows\System32\bcrypt.dll
0x00007ffa0de50000 - 0x00007ffa0df65000 	C:\Windows\System32\RPCRT4.dll
0x00007ffa0e110000 - 0x00007ffa0e2be000 	C:\Windows\System32\USER32.dll
0x00007ffa0c7d0000 - 0x00007ffa0c7f6000 	C:\Windows\System32\win32u.dll
0x00007ffa0d950000 - 0x00007ffa0d979000 	C:\Windows\System32\GDI32.dll
0x00007ffa0c6b0000 - 0x00007ffa0c7c9000 	C:\Windows\System32\gdi32full.dll
0x00007ffa0c260000 - 0x00007ffa0c2fa000 	C:\Windows\System32\msvcp_win.dll
0x00007ff9fa400000 - 0x00007ff9fa693000 	C:\Windows\WinSxS\amd64_microsoft.windows.common-controls_6595b64144ccf1df_6.0.22621.3672_none_2713b9d173822955\COMCTL32.dll
0x00007ffa03d20000 - 0x00007ffa03d2a000 	C:\Windows\SYSTEM32\VERSION.dll
0x00007ffa0e650000 - 0x00007ffa0e681000 	C:\Windows\System32\IMM32.DLL
0x00007ff998880000 - 0x00007ff99891b000 	C:\Program Files\Java\jdk-11.0.17\bin\msvcp140.dll
0x00007ff971b30000 - 0x00007ff97264a000 	C:\Program Files\Java\jdk-11.0.17\bin\server\jvm.dll
0x00007ffa0de40000 - 0x00007ffa0de48000 	C:\Windows\System32\PSAPI.DLL
0x00007ffa04680000 - 0x00007ffa046b4000 	C:\Windows\SYSTEM32\WINMM.dll
0x00007ffa08cf0000 - 0x00007ffa08cf9000 	C:\Windows\SYSTEM32\WSOCK32.dll
0x00007ffa0ca60000 - 0x00007ffa0cad1000 	C:\Windows\System32\WS2_32.dll
0x00007ffa0b060000 - 0x00007ffa0b078000 	C:\Windows\SYSTEM32\kernel.appcore.dll
0x00007ff9f9780000 - 0x00007ff9f9790000 	C:\Program Files\Java\jdk-11.0.17\bin\verify.dll
0x00007ffa097a0000 - 0x00007ffa099d2000 	C:\Windows\SYSTEM32\DBGHELP.DLL
0x00007ffa0d980000 - 0x00007ffa0dd08000 	C:\Windows\System32\combase.dll
0x00007ffa0dd10000 - 0x00007ffa0dde7000 	C:\Windows\System32\OLEAUT32.dll
0x00007ff9e9c60000 - 0x00007ff9e9c92000 	C:\Windows\SYSTEM32\dbgcore.DLL
0x00007ffa0bf80000 - 0x00007ffa0bffb000 	C:\Windows\System32\bcryptPrimitives.dll
0x00007ff9ade70000 - 0x00007ff9ade98000 	C:\Program Files\Java\jdk-11.0.17\bin\java.dll
0x00007ff9f1b10000 - 0x00007ff9f1b1a000 	C:\Program Files\Java\jdk-11.0.17\bin\jimage.dll
0x00007ff9b5660000 - 0x00007ff9b5676000 	C:\Program Files\Java\jdk-11.0.17\bin\zip.dll
0x00007ffa0d0f0000 - 0x00007ffa0d94c000 	C:\Windows\System32\SHELL32.dll
0x00007ffa09e90000 - 0x00007ffa0a787000 	C:\Windows\SYSTEM32\windows.storage.dll
0x00007ffa09d50000 - 0x00007ffa09e8f000 	C:\Windows\SYSTEM32\wintypes.dll
0x00007ffa0e960000 - 0x00007ffa0ea54000 	C:\Windows\System32\SHCORE.dll
0x00007ffa0df70000 - 0x00007ffa0dfce000 	C:\Windows\System32\shlwapi.dll
0x00007ffa0beb0000 - 0x00007ffa0bed1000 	C:\Windows\SYSTEM32\profapi.dll
0x00007ff9b4dc0000 - 0x00007ff9b4dd9000 	C:\Program Files\Java\jdk-11.0.17\bin\net.dll
0x00007ffa078f0000 - 0x00007ffa07a26000 	C:\Windows\SYSTEM32\WINHTTP.dll
0x00007ffa0b4c0000 - 0x00007ffa0b529000 	C:\Windows\system32\mswsock.dll
0x00007ff9b1f20000 - 0x00007ff9b1f32000 	C:\Program Files\Java\jdk-11.0.17\bin\nio.dll
0x000001a8a5080000 - 0x000001a8a5083000 	C:\Users\Manuja Nethranga\.openjfx\cache\19+11\amd64\api-ms-win-core-console-l1-1-0.dll
0x000001a8a5090000 - 0x000001a8a5093000 	C:\Users\Manuja Nethranga\.openjfx\cache\19+11\amd64\api-ms-win-core-console-l1-2-0.dll
0x000001a8a50a0000 - 0x000001a8a50a3000 	C:\Users\Manuja Nethranga\.openjfx\cache\19+11\amd64\api-ms-win-core-datetime-l1-1-0.dll
0x000001a8a50b0000 - 0x000001a8a50b3000 	C:\Users\Manuja Nethranga\.openjfx\cache\19+11\amd64\api-ms-win-core-debug-l1-1-0.dll
0x000001a8a50c0000 - 0x000001a8a50c3000 	C:\Users\Manuja Nethranga\.openjfx\cache\19+11\amd64\api-ms-win-core-errorhandling-l1-1-0.dll
0x000001a8a50d0000 - 0x000001a8a50d4000 	C:\Users\Manuja Nethranga\.openjfx\cache\19+11\amd64\api-ms-win-core-file-l1-1-0.dll
0x000001a8a50e0000 - 0x000001a8a50e3000 	C:\Users\Manuja Nethranga\.openjfx\cache\19+11\amd64\api-ms-win-core-file-l1-2-0.dll
0x000001a8a50f0000 - 0x000001a8a50f3000 	C:\Users\Manuja Nethranga\.openjfx\cache\19+11\amd64\api-ms-win-core-file-l2-1-0.dll
0x000001a8a5100000 - 0x000001a8a5103000 	C:\Users\Manuja Nethranga\.openjfx\cache\19+11\amd64\api-ms-win-core-handle-l1-1-0.dll
0x000001a8ca110000 - 0x000001a8ca113000 	C:\Users\Manuja Nethranga\.openjfx\cache\19+11\amd64\api-ms-win-core-heap-l1-1-0.dll
0x000001a8ca120000 - 0x000001a8ca123000 	C:\Users\Manuja Nethranga\.openjfx\cache\19+11\amd64\api-ms-win-core-interlocked-l1-1-0.dll
0x000001a8ca130000 - 0x000001a8ca133000 	C:\Users\Manuja Nethranga\.openjfx\cache\19+11\amd64\api-ms-win-core-libraryloader-l1-1-0.dll
0x000001a8ca140000 - 0x000001a8ca143000 	C:\Users\Manuja Nethranga\.openjfx\cache\19+11\amd64\api-ms-win-core-localization-l1-2-0.dll
0x000001a8ca150000 - 0x000001a8ca153000 	C:\Users\Manuja Nethranga\.openjfx\cache\19+11\amd64\api-ms-win-core-memory-l1-1-0.dll
0x000001a8ca160000 - 0x000001a8ca163000 	C:\Users\Manuja Nethranga\.openjfx\cache\19+11\amd64\api-ms-win-core-namedpipe-l1-1-0.dll
0x000001a8ca170000 - 0x000001a8ca173000 	C:\Users\Manuja Nethranga\.openjfx\cache\19+11\amd64\api-ms-win-core-processenvironment-l1-1-0.dll
0x000001a8ca180000 - 0x000001a8ca183000 	C:\Users\Manuja Nethranga\.openjfx\cache\19+11\amd64\api-ms-win-core-processthreads-l1-1-0.dll
0x000001a8ca190000 - 0x000001a8ca193000 	C:\Users\Manuja Nethranga\.openjfx\cache\19+11\amd64\api-ms-win-core-processthreads-l1-1-1.dll
0x000001a8ca1a0000 - 0x000001a8ca1a3000 	C:\Users\Manuja Nethranga\.openjfx\cache\19+11\amd64\api-ms-win-core-profile-l1-1-0.dll
0x000001a8ca1b0000 - 0x000001a8ca1b3000 	C:\Users\Manuja Nethranga\.openjfx\cache\19+11\amd64\api-ms-win-core-rtlsupport-l1-1-0.dll
0x000001a8ca1c0000 - 0x000001a8ca1c3000 	C:\Users\Manuja Nethranga\.openjfx\cache\19+11\amd64\api-ms-win-core-string-l1-1-0.dll
0x000001a8ca1d0000 - 0x000001a8ca1d3000 	C:\Users\Manuja Nethranga\.openjfx\cache\19+11\amd64\api-ms-win-core-synch-l1-1-0.dll
0x000001a8ca1e0000 - 0x000001a8ca1e3000 	C:\Users\Manuja Nethranga\.openjfx\cache\19+11\amd64\api-ms-win-core-synch-l1-2-0.dll
0x000001a8ca1f0000 - 0x000001a8ca1f3000 	C:\Users\Manuja Nethranga\.openjfx\cache\19+11\amd64\api-ms-win-core-sysinfo-l1-1-0.dll
0x000001a8ca200000 - 0x000001a8ca203000 	C:\Users\Manuja Nethranga\.openjfx\cache\19+11\amd64\api-ms-win-core-timezone-l1-1-0.dll
0x000001a8ca210000 - 0x000001a8ca213000 	C:\Users\Manuja Nethranga\.openjfx\cache\19+11\amd64\api-ms-win-core-util-l1-1-0.dll
0x000001a8ca220000 - 0x000001a8ca223000 	C:\Users\Manuja Nethranga\.openjfx\cache\19+11\amd64\api-ms-win-crt-conio-l1-1-0.dll
0x000001a8ca230000 - 0x000001a8ca234000 	C:\Users\Manuja Nethranga\.openjfx\cache\19+11\amd64\api-ms-win-crt-convert-l1-1-0.dll
0x000001a8ca240000 - 0x000001a8ca243000 	C:\Users\Manuja Nethranga\.openjfx\cache\19+11\amd64\api-ms-win-crt-environment-l1-1-0.dll
0x000001a8ca250000 - 0x000001a8ca253000 	C:\Users\Manuja Nethranga\.openjfx\cache\19+11\amd64\api-ms-win-crt-filesystem-l1-1-0.dll
0x000001a8ca260000 - 0x000001a8ca263000 	C:\Users\Manuja Nethranga\.openjfx\cache\19+11\amd64\api-ms-win-crt-heap-l1-1-0.dll
0x000001a8ca270000 - 0x000001a8ca273000 	C:\Users\Manuja Nethranga\.openjfx\cache\19+11\amd64\api-ms-win-crt-locale-l1-1-0.dll
0x000001a8ca280000 - 0x000001a8ca285000 	C:\Users\Manuja Nethranga\.openjfx\cache\19+11\amd64\api-ms-win-crt-math-l1-1-0.dll
0x000001a8ca290000 - 0x000001a8ca295000 	C:\Users\Manuja Nethranga\.openjfx\cache\19+11\amd64\api-ms-win-crt-multibyte-l1-1-0.dll
0x000001a8ca2a0000 - 0x000001a8ca2b0000 	C:\Users\Manuja Nethranga\.openjfx\cache\19+11\amd64\api-ms-win-crt-private-l1-1-0.dll
0x000001a8ca2b0000 - 0x000001a8ca2b3000 	C:\Users\Manuja Nethranga\.openjfx\cache\19+11\amd64\api-ms-win-crt-process-l1-1-0.dll
0x000001a8ca2c0000 - 0x000001a8ca2c4000 	C:\Users\Manuja Nethranga\.openjfx\cache\19+11\amd64\api-ms-win-crt-runtime-l1-1-0.dll
0x000001a8ca2d0000 - 0x000001a8ca2d4000 	C:\Users\Manuja Nethranga\.openjfx\cache\19+11\amd64\api-ms-win-crt-stdio-l1-1-0.dll
0x000001a8ca2e0000 - 0x000001a8ca2e4000 	C:\Users\Manuja Nethranga\.openjfx\cache\19+11\amd64\api-ms-win-crt-string-l1-1-0.dll
0x000001a8ca2f0000 - 0x000001a8ca2f3000 	C:\Users\Manuja Nethranga\.openjfx\cache\19+11\amd64\api-ms-win-crt-time-l1-1-0.dll
0x000001a8ca300000 - 0x000001a8ca303000 	C:\Users\Manuja Nethranga\.openjfx\cache\19+11\amd64\api-ms-win-crt-utility-l1-1-0.dll
0x00007ff9b63d0000 - 0x00007ff9b64cc000 	C:\Users\Manuja Nethranga\.openjfx\cache\19+11\amd64\ucrtbase.dll
0x00007ff9bc420000 - 0x00007ff9bc43b000 	C:\Users\Manuja Nethranga\.openjfx\cache\19+11\amd64\vcruntime140.dll
0x00007ff9e8450000 - 0x00007ff9e845c000 	C:\Users\Manuja Nethranga\.openjfx\cache\19+11\amd64\vcruntime140_1.dll
0x00007ff9b8f60000 - 0x00007ff9b8fee000 	C:\Users\Manuja Nethranga\.openjfx\cache\19+11\amd64\msvcp140.dll
0x00007ff9d37b0000 - 0x00007ff9d37b9000 	C:\Users\Manuja Nethranga\.openjfx\cache\19+11\amd64\msvcp140_1.dll
0x00007ff9bc3f0000 - 0x00007ff9bc420000 	C:\Users\Manuja Nethranga\.openjfx\cache\19+11\amd64\msvcp140_2.dll
0x00007ff9b90d0000 - 0x00007ff9b90fc000 	C:\Users\Manuja Nethranga\.openjfx\cache\19+11\amd64\prism_d3d.dll
0x00007ff9c54a0000 - 0x00007ff9c5648000 	C:\Windows\system32\d3d9.dll
0x00007ffa09190000 - 0x00007ffa091bb000 	C:\Windows\SYSTEM32\dwmapi.dll
0x00007ffa09200000 - 0x00007ffa09239000 	C:\Windows\SYSTEM32\dxcore.dll
0x00007ffa08f50000 - 0x00007ffa08ffa000 	C:\Windows\system32\uxtheme.dll
0x00007ff9c5240000 - 0x00007ff9c549c000 	C:\Windows\System32\DriverStore\FileRepository\iigd_dch.inf_amd64_f5503e3a56b087f1\igdumdim64.dll
0x00007ffa0ea60000 - 0x00007ffa0ec05000 	C:\Windows\System32\ole32.dll
0x00007ff9c3ed0000 - 0x00007ff9c5237000 	C:\Windows\System32\DriverStore\FileRepository\iigd_dch.inf_amd64_f5503e3a56b087f1\igd9dxva64.dll
0x00007ffa0cbf0000 - 0x00007ffa0d064000 	C:\Windows\System32\SETUPAPI.dll
0x00007ffa0bc60000 - 0x00007ffa0bcae000 	C:\Windows\SYSTEM32\cfgmgr32.dll
0x00007ff9afcd0000 - 0x00007ff9b19fb000 	C:\Windows\System32\DriverStore\FileRepository\iigd_dch.inf_amd64_f5503e3a56b087f1\media_bin_64.dll
0x00007ff9fe4b0000 - 0x00007ff9fe8ed000 	C:\Windows\System32\DriverStore\FileRepository\iigd_dch.inf_amd64_f5503e3a56b087f1\igdgmm64.dll
0x00007ffa03a00000 - 0x00007ffa03a49000 	C:\Windows\SYSTEM32\directxdatabasehelper.dll
0x00007ff9b7270000 - 0x00007ff9b72b2000 	C:\Users\Manuja Nethranga\.openjfx\cache\19+11\amd64\glass.dll
0x00007ffa0e2c0000 - 0x00007ffa0e3b6000 	C:\Windows\System32\COMDLG32.dll
0x00007ffa0e800000 - 0x00007ffa0e953000 	C:\Windows\System32\MSCTF.dll
0x00007ff9fb650000 - 0x00007ff9fb677000 	C:\Windows\System32\DriverStore\FileRepository\iigd_dch.inf_amd64_f5503e3a56b087f1\igdinfo64.dll
0x00007ff9f4e40000 - 0x00007ff9f8eb5000 	C:\Windows\System32\DriverStore\FileRepository\iigd_dch.inf_amd64_f5503e3a56b087f1\igc64.dll
0x00007ff9bc3d0000 - 0x00007ff9bc3e4000 	C:\Users\Manuja Nethranga\.openjfx\cache\19+11\amd64\javafx_font.dll
0x00007ffa04f70000 - 0x00007ffa051e3000 	C:\Windows\SYSTEM32\dwrite.dll
0x00007ffa0cae0000 - 0x00007ffa0cb90000 	C:\Windows\System32\clbcatq.dll
0x00007ffa08d20000 - 0x00007ffa08ed0000 	C:\Windows\SYSTEM32\WindowsCodecs.dll
0x00007ff9f1a60000 - 0x00007ff9f1abe000 	C:\Windows\system32\dataexchange.dll
0x00007ffa01e90000 - 0x00007ffa0211a000 	C:\Windows\system32\twinapi.appcore.dll
0x00007ff9b2fa0000 - 0x00007ff9b2fd2000 	C:\Program Files\Common Files\Microsoft Shared\Ink\rtscom.dll
0x00007ff9fbef0000 - 0x00007ff9fc03d000 	C:\Windows\SYSTEM32\textinputframework.dll
0x00007ffa05fe0000 - 0x00007ffa06113000 	C:\Windows\SYSTEM32\CoreMessaging.dll
0x00007ffa03320000 - 0x00007ffa0368d000 	C:\Windows\SYSTEM32\CoreUIComponents.dll
0x00007ffa0b7f0000 - 0x00007ffa0b7fc000 	C:\Windows\SYSTEM32\CRYPTBASE.DLL
0x00007ffa051f0000 - 0x00007ffa057de000 	C:\Windows\SYSTEM32\d2d1.dll
0x00007ffa04d10000 - 0x00007ffa04f67000 	C:\Windows\SYSTEM32\d3d11.dll
0x00007ffa09080000 - 0x00007ffa09177000 	C:\Windows\SYSTEM32\dxgi.dll
0x00007ffa02910000 - 0x00007ffa03021000 	C:\Windows\SYSTEM32\D3D10Warp.dll
0x00007ff9d9830000 - 0x00007ff9d9847000 	C:\Windows\system32\napinsp.dll
0x00007ff9d70a0000 - 0x00007ff9d70bb000 	C:\Windows\system32\pnrpnsp.dll

dbghelp: loaded successfully - version: 4.0.5 - missing functions: none
symbol engine: initialized successfully - sym options: 0x614 - pdb path: .;C:\Program Files\Java\jdk-11.0.17\bin;C:\Windows\SYSTEM32;C:\Windows\WinSxS\amd64_microsoft.windows.common-controls_6595b64144ccf1df_6.0.22621.3672_none_2713b9d173822955;C:\Program Files\Java\jdk-11.0.17\bin\server;C:\Users\Manuja Nethranga\.openjfx\cache\19+11\amd64;C:\Windows\System32\DriverStore\FileRepository\iigd_dch.inf_amd64_f5503e3a56b087f1;C:\Program Files\Common Files\Microsoft Shared\Ink

VM Arguments:
jvm_args: --module-path=C:\Users\Manuja Nethranga\.m2\repository\org\openjfx\javafx-base\19\javafx-base-19-win.jar;C:\Users\Manuja Nethranga\.m2\repository\org\openjfx\javafx-base\19\javafx-base-19.jar;C:\Users\Manuja Nethranga\.m2\repository\org\openjfx\javafx-controls\19\javafx-controls-19-win.jar;C:\Users\Manuja Nethranga\.m2\repository\org\openjfx\javafx-controls\19\javafx-controls-19.jar;C:\Users\Manuja Nethranga\.m2\repository\org\openjfx\javafx-fxml\19\javafx-fxml-19-win.jar;C:\Users\Manuja Nethranga\.m2\repository\org\openjfx\javafx-fxml\19\javafx-fxml-19.jar;C:\Users\Manuja Nethranga\.m2\repository\org\openjfx\javafx-graphics\19\javafx-graphics-19-win.jar;C:\Users\Manuja Nethranga\.m2\repository\org\openjfx\javafx-graphics\19\javafx-graphics-19.jar --add-modules=javafx.base,javafx.controls,javafx.fxml,javafx.graphics 
java_command: Main
java_class_path (initial): F:\ICD\Level 3\Final Project\Final\clothifyPOS\clothifyPOS\clothifyPOS\target\classes;C:\Users\Manuja Nethranga\.m2\repository\com\fasterxml\classmate\1.5.1\classmate-1.5.1.jar;C:\Users\Manuja Nethranga\.m2\repository\com\google\protobuf\protobuf-java\3.25.1\protobuf-java-3.25.1.jar;C:\Users\Manuja Nethranga\.m2\repository\com\jfoenix\jfoenix\9.0.1\jfoenix-9.0.1.jar;C:\Users\Manuja Nethranga\.m2\repository\com\mysql\mysql-connector-j\8.3.0\mysql-connector-j-8.3.0.jar;C:\Users\Manuja Nethranga\.m2\repository\com\sun\istack\istack-commons-runtime\4.1.1\istack-commons-runtime-4.1.1.jar;C:\Users\Manuja Nethranga\.m2\repository\io\smallrye\jandex\3.1.2\jandex-3.1.2.jar;C:\Users\Manuja Nethranga\.m2\repository\jakarta\activation\jakarta.activation-api\2.1.0\jakarta.activation-api-2.1.0.jar;C:\Users\Manuja Nethranga\.m2\repository\jakarta\inject\jakarta.inject-api\2.0.1\jakarta.inject-api-2.0.1.jar;C:\Users\Manuja Nethranga\.m2\repository\jakarta\persistence\jakarta.persistence-api\3.1.0\jakarta.persistence-api-3.1.0.jar;C:\Users\Manuja Nethranga\.m2\repository\jakarta\transaction\jakarta.transaction-api\2.0.1\jakarta.transaction-api-2.0.1.jar;C:\Users\Manuja Nethranga\.m2\repository\jakarta\xml\bind\jakarta.xml.bind-api\4.0.0\jakarta.xml.bind-api-4.0.0.jar;C:\Users\Manuja Nethranga\.m2\repository\javax\activation\activation\1.1\activation-1.1.jar;C:\Users\Manuja Nethranga\.m2\repository\javax\mail\mail\1.4.7\mail-1.4.7.jar;C:\Users\Manuja Nethranga\.m2\repository\net\bytebuddy\byte-buddy\1.14.12\byte-buddy-1.14.12.jar;C:\Users\Manuja Nethranga\.m2\repository\org\antlr\antlr4-runtime\4.13.0\antlr4-runtime-4.13.0.jar;C:\Users\Manuja Nethranga\.m2\repository\org\eclipse\angus\angus-activation\2.0.0\angus-activation-2.0.0.jar;C:\Users\Manuja Nethranga\.m2\repository\org\glassfish\jaxb\jaxb-core\4.0.2\jaxb-core-4.0.2.jar;C:\Users\Manuja Nethranga\.m2\repository\org\glassfish\jaxb\jaxb-runtime\4.0.2\jaxb-runtime-4.0.2.jar;C:\Users\Manuja Nethranga\.
Launcher Type: SUN_STANDARD

[Global flags]
     intx CICompilerCount                          = 4                                         {product} {ergonomic}
     uint ConcGCThreads                            = 2                                         {product} {ergonomic}
     uint G1ConcRefinementThreads                  = 8                                         {product} {ergonomic}
   size_t G1HeapRegionSize                         = 1048576                                   {product} {ergonomic}
    uintx GCDrainStackTargetSize                   = 64                                        {product} {ergonomic}
   size_t InitialHeapSize                          = 264241152                                 {product} {ergonomic}
   size_t MarkStackSize                            = 4194304                                   {product} {ergonomic}
   size_t MaxHeapSize                              = 4223664128                                {product} {ergonomic}
   size_t MaxNewSize                               = 2533359616                                {product} {ergonomic}
   size_t MinHeapDeltaBytes                        = 1048576                                   {product} {ergonomic}
    uintx NonNMethodCodeHeapSize                   = 5836300                                {pd product} {ergonomic}
    uintx NonProfiledCodeHeapSize                  = 122910970                              {pd product} {ergonomic}
    uintx ProfiledCodeHeapSize                     = 122910970                              {pd product} {ergonomic}
    uintx ReservedCodeCacheSize                    = 251658240                              {pd product} {ergonomic}
     bool SegmentedCodeCache                       = true                                      {product} {ergonomic}
     bool UseCompressedClassPointers               = true                                 {lp64_product} {ergonomic}
     bool UseCompressedOops                        = true                                 {lp64_product} {ergonomic}
     bool UseG1GC                                  = true                                      {product} {ergonomic}
     bool UseLargePagesIndividualAllocation        = false                                  {pd product} {ergonomic}

Logging:
Log output configuration:
 #0: stdout all=warning uptime,level,tags
 #1: stderr all=off uptime,level,tags

Environment Variables:
PATH=C:\Program Files\Java\jdk-11.0.17\bin;C:\Program Files (x86)\Common Files\Oracle\Java\javapath;C:\Program Files\MySQL\MySQL Server 8.0;C:\Program Files\Common Files\Oracle\Java\javapath;C:\Windows\system32;C:\Windows;C:\Windows\System32\Wbem;C:\Windows\System32\WindowsPowerShell\v1.0\;C:\Windows\System32\OpenSSH\;C:\Program Files\Cloudflare\Cloudflare WARP\;C:\Program Files\nodejs\;C:\Program Files\Git\cmd;C:\Users\Manuja Nethranga\AppData\Local\Microsoft\WindowsApps;;C:\Users\Manuja Nethranga\AppData\Local\Programs\Microsoft VS Code\bin;C:\Program Files\JetBrains\IntelliJ IDEA 2023.3.4\bin;;C:\Users\Manuja Nethranga\AppData\Roaming\npm
USERNAME=Manuja Nethranga
OS=Windows_NT
PROCESSOR_IDENTIFIER=Intel64 Family 6 Model 140 Stepping 1, GenuineIntel



---------------  S Y S T E M  ---------------

OS: Windows 11 , 64 bit Build 22621 (10.0.22621.3672)
Hyper-V role detected

CPU:total 8 (initial active 8) (4 cores per cpu, 2 threads per core) family 6 model 140 stepping 1 microcode 0xb4, cmov, cx8, fxsr, mmx, sse, sse2, sse3, ssse3, sse4.1, sse4.2, popcnt, avx, avx2, aes, clmul, erms, 3dnowpref, lzcnt, ht, tsc, tscinvbit, bmi1, bmi2, adx, evex, sha, fma

Memory: 4k page, system-wide physical 16106M (276M free)
TotalPageFile size 31161M (AvailPageFile size 70M)
current process WorkingSet (physical memory assigned to process): 880M, peak: 921M
current process commit charge ("private bytes"): 921M, peak: 959M

vm_info: Java HotSpot(TM) 64-Bit Server VM (11.0.17+10-LTS-269) for windows-amd64 JRE (11.0.17+10-LTS-269), built on Sep 13 2022 19:26:37 by "mach5one" with MS VC++ 15.9 (VS2017)

END.
