#
# There is insufficient memory for the Java Runtime Environment to continue.
# Native memory allocation (malloc) failed to allocate 714736 bytes for Chunk::new
# Possible reasons:
#   The system is out of physical RAM or swap space
#   The process is running with CompressedOops enabled, and the Java Heap may be blocking the growth of the native heap
# Possible solutions:
#   Reduce memory load on the system
#   Increase physical memory or swap space
#   Check if swap backing store is full
#   Decrease Java heap size (-Xmx/-Xms)
#   Decrease number of Java threads
#   Decrease Java thread stack sizes (-Xss)
#   Set larger code cache with -XX:ReservedCodeCacheSize=
#   JVM is running with Zero Based Compressed Oops mode in which the Java heap is
#     placed in the first 32GB address space. The Java Heap base address is the
#     maximum limit for the native heap growth. Please use -XX:HeapBaseMinAddress
#     to set the Java Heap base and to place the Java Heap above 32GB virtual address.
# This output file may be truncated or incomplete.
#
#  Out of Memory Error (./open/src/hotspot/share/memory/arena.cpp:197), pid=14756, tid=12080
#
# JRE version: Java(TM) SE Runtime Environment 18.9 (11.0.17+10) (build 11.0.17+10-LTS-269)
# Java VM: Java HotSpot(TM) 64-Bit Server VM 18.9 (11.0.17+10-LTS-269, mixed mode, tiered, compressed oops, g1 gc, windows-amd64)
# No core dump will be written. Minidumps are not enabled by default on client versions of Windows
#

---------------  S U M M A R Y ------------

Command Line: --module-path=C:\Users\Manuja Nethranga\.m2\repository\org\openjfx\javafx-base\19\javafx-base-19-win.jar;C:\Users\Manuja Nethranga\.m2\repository\org\openjfx\javafx-base\19\javafx-base-19.jar;C:\Users\Manuja Nethranga\.m2\repository\org\openjfx\javafx-controls\19\javafx-controls-19-win.jar;C:\Users\Manuja Nethranga\.m2\repository\org\openjfx\javafx-controls\19\javafx-controls-19.jar;C:\Users\Manuja Nethranga\.m2\repository\org\openjfx\javafx-fxml\19\javafx-fxml-19-win.jar;C:\Users\Manuja Nethranga\.m2\repository\org\openjfx\javafx-fxml\19\javafx-fxml-19.jar;C:\Users\Manuja Nethranga\.m2\repository\org\openjfx\javafx-graphics\19\javafx-graphics-19-win.jar;C:\Users\Manuja Nethranga\.m2\repository\org\openjfx\javafx-graphics\19\javafx-graphics-19.jar --add-modules=javafx.base,javafx.controls,javafx.fxml,javafx.graphics Main

Host: 11th Gen Intel(R) Core(TM) i5-1135G7 @ 2.40GHz, 8 cores, 15G,  Windows 11 , 64 bit Build 22621 (10.0.22621.3672)
Time: Wed Aug  7 00:54:11 2024 Sri Lanka Standard Time elapsed time: 4.179773 seconds (0d 0h 0m 4s)

---------------  T H R E A D  ---------------

Current thread (0x000001bdf6fb3000):  JavaThread "C2 CompilerThread0" daemon [_thread_in_native, id=12080, stack(0x000000a69ac00000,0x000000a69ad00000)]


Current CompileTask:
C2:   4179 2349       4       com.sun.marlin.Renderer::_endRendering (2473 bytes)

Stack: [0x000000a69ac00000,0x000000a69ad00000]
Native frames: (J=compiled Java code, j=interpreted, Vv=VM code, C=native code)
V  [jvm.dll+0x62b5da]
V  [jvm.dll+0x7653df]
V  [jvm.dll+0x766a89]
V  [jvm.dll+0x767113]
V  [jvm.dll+0x23dd28]
V  [jvm.dll+0xb2a1c]
V  [jvm.dll+0xb2fdc]
V  [jvm.dll+0x341597]
V  [jvm.dll+0x18ce51]
V  [jvm.dll+0x1f8815]
V  [jvm.dll+0x1f78fd]
V  [jvm.dll+0x177c91]
V  [jvm.dll+0x207296]
V  [jvm.dll+0x20542b]
V  [jvm.dll+0x72b2c0]
V  [jvm.dll+0x723e64]
V  [jvm.dll+0x62a485]
C  [ucrtbase.dll+0x29333]
C  [KERNEL32.DLL+0x1257d]
C  [ntdll.dll+0x5af28]


---------------  P R O C E S S  ---------------

Threads class SMR info:
_java_thread_list=0x000001bdf805fd80, length=17, elements={
0x000001bdd3c0d800, 0x000001bdf66f0000, 0x000001bdf66fa800, 0x000001bdf7008800,
0x000001bdf700b800, 0x000001bdf700d800, 0x000001bdf6fb3000, 0x000001bdf6fbc000,
0x000001bdf6fc0800, 0x000001bdf6f91000, 0x000001bdf7286800, 0x000001bdf7e99000,
0x000001bdf7ea1000, 0x000001bdf7f4b800, 0x000001bdf815e800, 0x000001bdf87be800,
0x000001bdf89b0800
}

Java Threads: ( => current thread )
  0x000001bdd3c0d800 JavaThread "main" [_thread_blocked, id=16184, stack(0x000000a69a000000,0x000000a69a100000)]
  0x000001bdf66f0000 JavaThread "Reference Handler" daemon [_thread_blocked, id=7212, stack(0x000000a69a700000,0x000000a69a800000)]
  0x000001bdf66fa800 JavaThread "Finalizer" daemon [_thread_blocked, id=11252, stack(0x000000a69a800000,0x000000a69a900000)]
  0x000001bdf7008800 JavaThread "Signal Dispatcher" daemon [_thread_blocked, id=13384, stack(0x000000a69a900000,0x000000a69aa00000)]
  0x000001bdf700b800 JavaThread "Attach Listener" daemon [_thread_blocked, id=14440, stack(0x000000a69aa00000,0x000000a69ab00000)]
  0x000001bdf700d800 JavaThread "Service Thread" daemon [_thread_blocked, id=15844, stack(0x000000a69ab00000,0x000000a69ac00000)]
=>0x000001bdf6fb3000 JavaThread "C2 CompilerThread0" daemon [_thread_in_native, id=12080, stack(0x000000a69ac00000,0x000000a69ad00000)]
  0x000001bdf6fbc000 JavaThread "C1 CompilerThread0" daemon [_thread_blocked, id=9576, stack(0x000000a69ad00000,0x000000a69ae00000)]
  0x000001bdf6fc0800 JavaThread "Sweeper thread" daemon [_thread_blocked, id=9448, stack(0x000000a69ae00000,0x000000a69af00000)]
  0x000001bdf6f91000 JavaThread "Common-Cleaner" daemon [_thread_blocked, id=1288, stack(0x000000a69af00000,0x000000a69b000000)]
  0x000001bdf7286800 JavaThread "QuantumRenderer-0" daemon [_thread_blocked, id=7924, stack(0x000000a69b000000,0x000000a69b100000)]
  0x000001bdf7e99000 JavaThread "InvokeLaterDispatcher" daemon [_thread_blocked, id=14784, stack(0x000000a69b300000,0x000000a69b400000)]
  0x000001bdf7ea1000 JavaThread "JavaFX Application Thread" [_thread_in_native, id=10720, stack(0x000000a69b400000,0x000000a69b500000)]
  0x000001bdf7f4b800 JavaThread "JavaFX-Launcher" [_thread_blocked, id=7464, stack(0x000000a69b800000,0x000000a69b900000)]
  0x000001bdf815e800 JavaThread "Thread-2" daemon [_thread_in_native, id=14396, stack(0x000000a69b200000,0x000000a69b300000)]
  0x000001bdf87be800 JavaThread "Prism Font Disposer" daemon [_thread_blocked, id=12128, stack(0x000000a69c200000,0x000000a69c300000)]
  0x000001bdf89b0800 JavaThread "Cleaner-0" daemon [_thread_blocked, id=18028, stack(0x000000a69be00000,0x000000a69bf00000)]

Other Threads:
  0x000001bdf66ed800 VMThread "VM Thread" [stack: 0x000000a69a600000,0x000000a69a700000] [id=10580]
  0x000001bdf7223000 WatcherThread [stack: 0x000000a69b100000,0x000000a69b200000] [id=15436]
  0x000001bdd3c23800 GCTaskThread "GC Thread#0" [stack: 0x000000a69a100000,0x000000a69a200000] [id=8400]
  0x000001bdf7be0000 GCTaskThread "GC Thread#1" [stack: 0x000000a69b900000,0x000000a69ba00000] [id=5756]
  0x000001bdf818d800 GCTaskThread "GC Thread#2" [stack: 0x000000a69ba00000,0x000000a69bb00000] [id=7928]
  0x000001bdf814c000 GCTaskThread "GC Thread#3" [stack: 0x000000a69bb00000,0x000000a69bc00000] [id=11524]
  0x000001bdf823a000 GCTaskThread "GC Thread#4" [stack: 0x000000a69bc00000,0x000000a69bd00000] [id=15900]
  0x000001bdf8188800 GCTaskThread "GC Thread#5" [stack: 0x000000a69bd00000,0x000000a69be00000] [id=8452]
  0x000001bdd3c81800 ConcurrentGCThread "G1 Main Marker" [stack: 0x000000a69a200000,0x000000a69a300000] [id=6432]
  0x000001bdd3c84000 ConcurrentGCThread "G1 Conc#0" [stack: 0x000000a69a300000,0x000000a69a400000] [id=4880]
  0x000001bdf8601800 ConcurrentGCThread "G1 Conc#1" [stack: 0x000000a69c300000,0x000000a69c400000] [id=14788]
  0x000001bdf65d8800 ConcurrentGCThread "G1 Refine#0" [stack: 0x000000a69a400000,0x000000a69a500000] [id=17496]
  0x000001bdf65d9000 ConcurrentGCThread "G1 Young RemSet Sampling" [stack: 0x000000a69a500000,0x000000a69a600000] [id=15312]

Threads with active compile tasks:
C2 CompilerThread0     4222 2349       4       com.sun.marlin.Renderer::_endRendering (2473 bytes)

VM state:not at safepoint (normal execution)

VM Mutex/Monitor currently owned by a thread: None

Heap address: 0x0000000704400000, size: 4028 MB, Compressed Oops mode: Zero based, Oop shift amount: 3
Narrow klass base: 0x0000000800000000, Narrow klass shift: 0
Compressed class space size: 1073741824 Address: 0x0000000800000000

Heap:
 garbage-first heap   total 258048K, used 174185K [0x0000000704400000, 0x0000000800000000)
  region size 1024K, 9 young (9216K), 1 survivors (1024K)
 Metaspace       used 24098K, capacity 25003K, committed 25212K, reserved 1071104K
  class space    used 3276K, capacity 3668K, committed 3788K, reserved 1048576K
Heap Regions: E=young(eden), S=young(survivor), O=old, HS=humongous(starts), HC=humongous(continues), CS=collection set, F=free, A=archive, TAMS=top-at-mark-start (previous, next)
|   0|0x0000000704400000, 0x0000000704500000, 0x0000000704500000|100%|HS|  |TAMS 0x0000000704500000, 0x0000000704400000| Complete 
|   1|0x0000000704500000, 0x0000000704600000, 0x0000000704600000|100%|HS|  |TAMS 0x0000000704600000, 0x0000000704500000| Complete 
|   2|0x0000000704600000, 0x0000000704700000, 0x0000000704700000|100%|HC|  |TAMS 0x0000000704700000, 0x0000000704600000| Complete 
|   3|0x0000000704700000, 0x0000000704800000, 0x0000000704800000|100%|HC|  |TAMS 0x0000000704800000, 0x0000000704700000| Complete 
|   4|0x0000000704800000, 0x0000000704900000, 0x0000000704900000|100%|HC|  |TAMS 0x0000000704900000, 0x0000000704800000| Complete 
|   5|0x0000000704900000, 0x0000000704a00000, 0x0000000704a00000|100%|HC|  |TAMS 0x0000000704a00000, 0x0000000704900000| Complete 
|   6|0x0000000704a00000, 0x0000000704b00000, 0x0000000704b00000|100%|HC|  |TAMS 0x0000000704b00000, 0x0000000704a00000| Complete 
|   7|0x0000000704b00000, 0x0000000704c00000, 0x0000000704c00000|100%|HC|  |TAMS 0x0000000704c00000, 0x0000000704b00000| Complete 
|   8|0x0000000704c00000, 0x0000000704d00000, 0x0000000704d00000|100%|HC|  |TAMS 0x0000000704d00000, 0x0000000704c00000| Complete 
|   9|0x0000000704d00000, 0x0000000704d00000, 0x0000000704e00000|  0%| F|  |TAMS 0x0000000704d00000, 0x0000000704d00000| Untracked 
|  10|0x0000000704e00000, 0x0000000704e00000, 0x0000000704f00000|  0%| F|  |TAMS 0x0000000704e00000, 0x0000000704e00000| Untracked 
|  11|0x0000000704f00000, 0x0000000705000000, 0x0000000705000000|100%|HS|  |TAMS 0x0000000705000000, 0x0000000704f00000| Complete 
|  12|0x0000000705000000, 0x0000000705100000, 0x0000000705100000|100%|HC|  |TAMS 0x0000000705100000, 0x0000000705000000| Complete 
|  13|0x0000000705100000, 0x0000000705200000, 0x0000000705200000|100%| O|  |TAMS 0x0000000705200000, 0x0000000705100000| Untracked 
|  14|0x0000000705200000, 0x0000000705300000, 0x0000000705300000|100%| O|  |TAMS 0x0000000705300000, 0x0000000705200000| Untracked 
|  15|0x0000000705300000, 0x0000000705400000, 0x0000000705400000|100%| O|  |TAMS 0x0000000705400000, 0x0000000705300000| Untracked 
|  16|0x0000000705400000, 0x0000000705500000, 0x0000000705500000|100%| O|  |TAMS 0x0000000705500000, 0x0000000705400000| Untracked 
|  17|0x0000000705500000, 0x0000000705600000, 0x0000000705600000|100%| O|  |TAMS 0x0000000705600000, 0x0000000705500000| Untracked 
|  18|0x0000000705600000, 0x0000000705700000, 0x0000000705700000|100%| O|  |TAMS 0x0000000705700000, 0x0000000705600000| Untracked 
|  19|0x0000000705700000, 0x0000000705800000, 0x0000000705800000|100%| O|  |TAMS 0x0000000705800000, 0x0000000705700000| Untracked 
|  20|0x0000000705800000, 0x0000000705900000, 0x0000000705900000|100%| O|  |TAMS 0x0000000705900000, 0x0000000705800000| Untracked 
|  21|0x0000000705900000, 0x000000070591ee00, 0x0000000705a00000| 12%| O|  |TAMS 0x000000070591ee00, 0x0000000705900000| Untracked 
|  22|0x0000000705a00000, 0x0000000705b00000, 0x0000000705b00000|100%|HS|  |TAMS 0x0000000705b00000, 0x0000000705a00000| Complete 
|  23|0x0000000705b00000, 0x0000000705c00000, 0x0000000705c00000|100%|HC|  |TAMS 0x0000000705c00000, 0x0000000705b00000| Complete 
|  24|0x0000000705c00000, 0x0000000705d00000, 0x0000000705d00000|100%|HC|  |TAMS 0x0000000705d00000, 0x0000000705c00000| Complete 
|  25|0x0000000705d00000, 0x0000000705e00000, 0x0000000705e00000|100%|HC|  |TAMS 0x0000000705e00000, 0x0000000705d00000| Complete 
|  26|0x0000000705e00000, 0x0000000705f00000, 0x0000000705f00000|100%|HC|  |TAMS 0x0000000705f00000, 0x0000000705e00000| Complete 
|  27|0x0000000705f00000, 0x0000000706000000, 0x0000000706000000|100%|HC|  |TAMS 0x0000000706000000, 0x0000000705f00000| Complete 
|  28|0x0000000706000000, 0x0000000706100000, 0x0000000706100000|100%|HC|  |TAMS 0x0000000706100000, 0x0000000706000000| Complete 
|  29|0x0000000706100000, 0x0000000706200000, 0x0000000706200000|100%|HC|  |TAMS 0x0000000706200000, 0x0000000706100000| Complete 
|  30|0x0000000706200000, 0x0000000706300000, 0x0000000706300000|100%|HC|  |TAMS 0x0000000706300000, 0x0000000706200000| Complete 
|  31|0x0000000706300000, 0x0000000706400000, 0x0000000706400000|100%|HC|  |TAMS 0x0000000706400000, 0x0000000706300000| Complete 
|  32|0x0000000706400000, 0x0000000706500000, 0x0000000706500000|100%|HC|  |TAMS 0x0000000706500000, 0x0000000706400000| Complete 
|  33|0x0000000706500000, 0x0000000706600000, 0x0000000706600000|100%|HC|  |TAMS 0x0000000706600000, 0x0000000706500000| Complete 
|  34|0x0000000706600000, 0x0000000706700000, 0x0000000706700000|100%|HC|  |TAMS 0x0000000706700000, 0x0000000706600000| Complete 
|  35|0x0000000706700000, 0x0000000706800000, 0x0000000706800000|100%|HC|  |TAMS 0x0000000706800000, 0x0000000706700000| Complete 
|  36|0x0000000706800000, 0x0000000706900000, 0x0000000706900000|100%|HC|  |TAMS 0x0000000706900000, 0x0000000706800000| Complete 
|  37|0x0000000706900000, 0x0000000706a00000, 0x0000000706a00000|100%|HC|  |TAMS 0x0000000706a00000, 0x0000000706900000| Complete 
|  38|0x0000000706a00000, 0x0000000706b00000, 0x0000000706b00000|100%|HC|  |TAMS 0x0000000706b00000, 0x0000000706a00000| Complete 
|  39|0x0000000706b00000, 0x0000000706c00000, 0x0000000706c00000|100%|HC|  |TAMS 0x0000000706c00000, 0x0000000706b00000| Complete 
|  40|0x0000000706c00000, 0x0000000706d00000, 0x0000000706d00000|100%|HC|  |TAMS 0x0000000706d00000, 0x0000000706c00000| Complete 
|  41|0x0000000706d00000, 0x0000000706e00000, 0x0000000706e00000|100%|HC|  |TAMS 0x0000000706e00000, 0x0000000706d00000| Complete 
|  42|0x0000000706e00000, 0x0000000706f00000, 0x0000000706f00000|100%|HC|  |TAMS 0x0000000706f00000, 0x0000000706e00000| Complete 
|  43|0x0000000706f00000, 0x0000000707000000, 0x0000000707000000|100%|HC|  |TAMS 0x0000000707000000, 0x0000000706f00000| Complete 
|  44|0x0000000707000000, 0x0000000707100000, 0x0000000707100000|100%|HC|  |TAMS 0x0000000707100000, 0x0000000707000000| Complete 
|  45|0x0000000707100000, 0x0000000707200000, 0x0000000707200000|100%|HC|  |TAMS 0x0000000707200000, 0x0000000707100000| Complete 
|  46|0x0000000707200000, 0x0000000707300000, 0x0000000707300000|100%|HC|  |TAMS 0x0000000707300000, 0x0000000707200000| Complete 
|  47|0x0000000707300000, 0x0000000707400000, 0x0000000707400000|100%|HC|  |TAMS 0x0000000707400000, 0x0000000707300000| Complete 
|  48|0x0000000707400000, 0x0000000707500000, 0x0000000707500000|100%|HC|  |TAMS 0x0000000707500000, 0x0000000707400000| Complete 
|  49|0x0000000707500000, 0x0000000707600000, 0x0000000707600000|100%|HC|  |TAMS 0x0000000707600000, 0x0000000707500000| Complete 
|  50|0x0000000707600000, 0x0000000707700000, 0x0000000707700000|100%|HC|  |TAMS 0x0000000707700000, 0x0000000707600000| Complete 
|  51|0x0000000707700000, 0x0000000707800000, 0x0000000707800000|100%|HC|  |TAMS 0x0000000707800000, 0x0000000707700000| Complete 
|  52|0x0000000707800000, 0x0000000707900000, 0x0000000707900000|100%|HC|  |TAMS 0x0000000707900000, 0x0000000707800000| Complete 
|  53|0x0000000707900000, 0x0000000707a00000, 0x0000000707a00000|100%|HC|  |TAMS 0x0000000707a00000, 0x0000000707900000| Complete 
|  54|0x0000000707a00000, 0x0000000707b00000, 0x0000000707b00000|100%|HC|  |TAMS 0x0000000707b00000, 0x0000000707a00000| Complete 
|  55|0x0000000707b00000, 0x0000000707c00000, 0x0000000707c00000|100%|HC|  |TAMS 0x0000000707c00000, 0x0000000707b00000| Complete 
|  56|0x0000000707c00000, 0x0000000707d00000, 0x0000000707d00000|100%|HC|  |TAMS 0x0000000707d00000, 0x0000000707c00000| Complete 
|  57|0x0000000707d00000, 0x0000000707e00000, 0x0000000707e00000|100%|HC|  |TAMS 0x0000000707e00000, 0x0000000707d00000| Complete 
|  58|0x0000000707e00000, 0x0000000707f00000, 0x0000000707f00000|100%|HC|  |TAMS 0x0000000707f00000, 0x0000000707e00000| Complete 
|  59|0x0000000707f00000, 0x0000000708000000, 0x0000000708000000|100%|HC|  |TAMS 0x0000000708000000, 0x0000000707f00000| Complete 
|  60|0x0000000708000000, 0x0000000708100000, 0x0000000708100000|100%|HC|  |TAMS 0x0000000708100000, 0x0000000708000000| Complete 
|  61|0x0000000708100000, 0x0000000708200000, 0x0000000708200000|100%|HC|  |TAMS 0x0000000708200000, 0x0000000708100000| Complete 
|  62|0x0000000708200000, 0x0000000708300000, 0x0000000708300000|100%|HC|  |TAMS 0x0000000708300000, 0x0000000708200000| Complete 
|  63|0x0000000708300000, 0x0000000708400000, 0x0000000708400000|100%|HC|  |TAMS 0x0000000708400000, 0x0000000708300000| Complete 
|  64|0x0000000708400000, 0x0000000708500000, 0x0000000708500000|100%|HC|  |TAMS 0x0000000708500000, 0x0000000708400000| Complete 
|  65|0x0000000708500000, 0x0000000708600000, 0x0000000708600000|100%|HC|  |TAMS 0x0000000708600000, 0x0000000708500000| Complete 
|  66|0x0000000708600000, 0x0000000708700000, 0x0000000708700000|100%|HC|  |TAMS 0x0000000708700000, 0x0000000708600000| Complete 
|  67|0x0000000708700000, 0x0000000708800000, 0x0000000708800000|100%|HC|  |TAMS 0x0000000708800000, 0x0000000708700000| Complete 
|  68|0x0000000708800000, 0x0000000708900000, 0x0000000708900000|100%|HC|  |TAMS 0x0000000708900000, 0x0000000708800000| Complete 
|  69|0x0000000708900000, 0x0000000708a00000, 0x0000000708a00000|100%|HC|  |TAMS 0x0000000708a00000, 0x0000000708900000| Complete 
|  70|0x0000000708a00000, 0x0000000708b00000, 0x0000000708b00000|100%|HC|  |TAMS 0x0000000708b00000, 0x0000000708a00000| Complete 
|  71|0x0000000708b00000, 0x0000000708c00000, 0x0000000708c00000|100%|HC|  |TAMS 0x0000000708c00000, 0x0000000708b00000| Complete 
|  72|0x0000000708c00000, 0x0000000708d00000, 0x0000000708d00000|100%|HC|  |TAMS 0x0000000708d00000, 0x0000000708c00000| Complete 
|  73|0x0000000708d00000, 0x0000000708e00000, 0x0000000708e00000|100%|HC|  |TAMS 0x0000000708e00000, 0x0000000708d00000| Complete 
|  74|0x0000000708e00000, 0x0000000708f00000, 0x0000000708f00000|100%|HC|  |TAMS 0x0000000708f00000, 0x0000000708e00000| Complete 
|  75|0x0000000708f00000, 0x0000000709000000, 0x0000000709000000|100%|HC|  |TAMS 0x0000000709000000, 0x0000000708f00000| Complete 
|  76|0x0000000709000000, 0x0000000709100000, 0x0000000709100000|100%|HC|  |TAMS 0x0000000709100000, 0x0000000709000000| Complete 
|  77|0x0000000709100000, 0x0000000709200000, 0x0000000709200000|100%|HC|  |TAMS 0x0000000709200000, 0x0000000709100000| Complete 
|  78|0x0000000709200000, 0x0000000709300000, 0x0000000709300000|100%|HC|  |TAMS 0x0000000709300000, 0x0000000709200000| Complete 
|  79|0x0000000709300000, 0x0000000709400000, 0x0000000709400000|100%|HC|  |TAMS 0x0000000709400000, 0x0000000709300000| Complete 
|  80|0x0000000709400000, 0x0000000709500000, 0x0000000709500000|100%|HC|  |TAMS 0x0000000709500000, 0x0000000709400000| Complete 
|  81|0x0000000709500000, 0x0000000709600000, 0x0000000709600000|100%|HC|  |TAMS 0x0000000709600000, 0x0000000709500000| Complete 
|  82|0x0000000709600000, 0x0000000709700000, 0x0000000709700000|100%|HC|  |TAMS 0x0000000709700000, 0x0000000709600000| Complete 
|  83|0x0000000709700000, 0x0000000709800000, 0x0000000709800000|100%|HC|  |TAMS 0x0000000709800000, 0x0000000709700000| Complete 
|  84|0x0000000709800000, 0x0000000709900000, 0x0000000709900000|100%|HC|  |TAMS 0x0000000709900000, 0x0000000709800000| Complete 
|  85|0x0000000709900000, 0x0000000709a00000, 0x0000000709a00000|100%|HC|  |TAMS 0x0000000709a00000, 0x0000000709900000| Complete 
|  86|0x0000000709a00000, 0x0000000709b00000, 0x0000000709b00000|100%|HC|  |TAMS 0x0000000709b00000, 0x0000000709a00000| Complete 
|  87|0x0000000709b00000, 0x0000000709c00000, 0x0000000709c00000|100%|HC|  |TAMS 0x0000000709c00000, 0x0000000709b00000| Complete 
|  88|0x0000000709c00000, 0x0000000709d00000, 0x0000000709d00000|100%|HC|  |TAMS 0x0000000709d00000, 0x0000000709c00000| Complete 
|  89|0x0000000709d00000, 0x0000000709e00000, 0x0000000709e00000|100%|HC|  |TAMS 0x0000000709e00000, 0x0000000709d00000| Complete 
|  90|0x0000000709e00000, 0x0000000709f00000, 0x0000000709f00000|100%|HC|  |TAMS 0x0000000709f00000, 0x0000000709e00000| Complete 
|  91|0x0000000709f00000, 0x000000070a000000, 0x000000070a000000|100%|HC|  |TAMS 0x000000070a000000, 0x0000000709f00000| Complete 
|  92|0x000000070a000000, 0x000000070a100000, 0x000000070a100000|100%|HC|  |TAMS 0x000000070a100000, 0x000000070a000000| Complete 
|  93|0x000000070a100000, 0x000000070a200000, 0x000000070a200000|100%|HC|  |TAMS 0x000000070a200000, 0x000000070a100000| Complete 
|  94|0x000000070a200000, 0x000000070a300000, 0x000000070a300000|100%|HC|  |TAMS 0x000000070a300000, 0x000000070a200000| Complete 
|  95|0x000000070a300000, 0x000000070a400000, 0x000000070a400000|100%|HC|  |TAMS 0x000000070a400000, 0x000000070a300000| Complete 
|  96|0x000000070a400000, 0x000000070a500000, 0x000000070a500000|100%|HC|  |TAMS 0x000000070a500000, 0x000000070a400000| Complete 
|  97|0x000000070a500000, 0x000000070a600000, 0x000000070a600000|100%|HC|  |TAMS 0x000000070a600000, 0x000000070a500000| Complete 
|  98|0x000000070a600000, 0x000000070a700000, 0x000000070a700000|100%|HC|  |TAMS 0x000000070a700000, 0x000000070a600000| Complete 
|  99|0x000000070a700000, 0x000000070a800000, 0x000000070a800000|100%|HC|  |TAMS 0x000000070a800000, 0x000000070a700000| Complete 
| 100|0x000000070a800000, 0x000000070a900000, 0x000000070a900000|100%|HC|  |TAMS 0x000000070a900000, 0x000000070a800000| Complete 
| 101|0x000000070a900000, 0x000000070aa00000, 0x000000070aa00000|100%|HC|  |TAMS 0x000000070aa00000, 0x000000070a900000| Complete 
| 102|0x000000070aa00000, 0x000000070ab00000, 0x000000070ab00000|100%|HC|  |TAMS 0x000000070ab00000, 0x000000070aa00000| Complete 
| 103|0x000000070ab00000, 0x000000070ac00000, 0x000000070ac00000|100%|HC|  |TAMS 0x000000070ac00000, 0x000000070ab00000| Complete 
| 104|0x000000070ac00000, 0x000000070ad00000, 0x000000070ad00000|100%|HC|  |TAMS 0x000000070ad00000, 0x000000070ac00000| Complete 
| 105|0x000000070ad00000, 0x000000070ae00000, 0x000000070ae00000|100%|HC|  |TAMS 0x000000070ae00000, 0x000000070ad00000| Complete 
| 106|0x000000070ae00000, 0x000000070af00000, 0x000000070af00000|100%|HC|  |TAMS 0x000000070af00000, 0x000000070ae00000| Complete 
| 107|0x000000070af00000, 0x000000070b000000, 0x000000070b000000|100%|HC|  |TAMS 0x000000070b000000, 0x000000070af00000| Complete 
| 108|0x000000070b000000, 0x000000070b100000, 0x000000070b100000|100%|HC|  |TAMS 0x000000070b100000, 0x000000070b000000| Complete 
| 109|0x000000070b100000, 0x000000070b200000, 0x000000070b200000|100%|HC|  |TAMS 0x000000070b200000, 0x000000070b100000| Complete 
| 110|0x000000070b200000, 0x000000070b300000, 0x000000070b300000|100%|HC|  |TAMS 0x000000070b300000, 0x000000070b200000| Complete 
| 111|0x000000070b300000, 0x000000070b400000, 0x000000070b400000|100%|HC|  |TAMS 0x000000070b400000, 0x000000070b300000| Complete 
| 112|0x000000070b400000, 0x000000070b500000, 0x000000070b500000|100%|HC|  |TAMS 0x000000070b500000, 0x000000070b400000| Complete 
| 113|0x000000070b500000, 0x000000070b600000, 0x000000070b600000|100%|HC|  |TAMS 0x000000070b600000, 0x000000070b500000| Complete 
| 114|0x000000070b600000, 0x000000070b700000, 0x000000070b700000|100%|HC|  |TAMS 0x000000070b700000, 0x000000070b600000| Complete 
| 115|0x000000070b700000, 0x000000070b800000, 0x000000070b800000|100%|HC|  |TAMS 0x000000070b800000, 0x000000070b700000| Complete 
| 116|0x000000070b800000, 0x000000070b900000, 0x000000070b900000|100%|HC|  |TAMS 0x000000070b900000, 0x000000070b800000| Complete 
| 117|0x000000070b900000, 0x000000070ba00000, 0x000000070ba00000|100%|HC|  |TAMS 0x000000070ba00000, 0x000000070b900000| Complete 
| 118|0x000000070ba00000, 0x000000070bb00000, 0x000000070bb00000|100%|HC|  |TAMS 0x000000070bb00000, 0x000000070ba00000| Complete 
| 119|0x000000070bb00000, 0x000000070bc00000, 0x000000070bc00000|100%|HC|  |TAMS 0x000000070bc00000, 0x000000070bb00000| Complete 
| 120|0x000000070bc00000, 0x000000070bd00000, 0x000000070bd00000|100%|HC|  |TAMS 0x000000070bd00000, 0x000000070bc00000| Complete 
| 121|0x000000070bd00000, 0x000000070be00000, 0x000000070be00000|100%|HC|  |TAMS 0x000000070be00000, 0x000000070bd00000| Complete 
| 122|0x000000070be00000, 0x000000070bf00000, 0x000000070bf00000|100%|HC|  |TAMS 0x000000070bf00000, 0x000000070be00000| Complete 
| 123|0x000000070bf00000, 0x000000070c000000, 0x000000070c000000|100%|HC|  |TAMS 0x000000070c000000, 0x000000070bf00000| Complete 
| 124|0x000000070c000000, 0x000000070c100000, 0x000000070c100000|100%|HC|  |TAMS 0x000000070c100000, 0x000000070c000000| Complete 
| 125|0x000000070c100000, 0x000000070c200000, 0x000000070c200000|100%|HC|  |TAMS 0x000000070c200000, 0x000000070c100000| Complete 
| 126|0x000000070c200000, 0x000000070c300000, 0x000000070c300000|100%|HC|  |TAMS 0x000000070c300000, 0x000000070c200000| Complete 
| 127|0x000000070c300000, 0x000000070c400000, 0x000000070c400000|100%|HC|  |TAMS 0x000000070c400000, 0x000000070c300000| Complete 
| 128|0x000000070c400000, 0x000000070c500000, 0x000000070c500000|100%|HC|  |TAMS 0x000000070c500000, 0x000000070c400000| Complete 
| 129|0x000000070c500000, 0x000000070c600000, 0x000000070c600000|100%|HC|  |TAMS 0x000000070c600000, 0x000000070c500000| Complete 
| 130|0x000000070c600000, 0x000000070c700000, 0x000000070c700000|100%|HC|  |TAMS 0x000000070c700000, 0x000000070c600000| Complete 
| 131|0x000000070c700000, 0x000000070c800000, 0x000000070c800000|100%|HC|  |TAMS 0x000000070c800000, 0x000000070c700000| Complete 
| 132|0x000000070c800000, 0x000000070c900000, 0x000000070c900000|100%|HC|  |TAMS 0x000000070c900000, 0x000000070c800000| Complete 
| 133|0x000000070c900000, 0x000000070ca00000, 0x000000070ca00000|100%|HC|  |TAMS 0x000000070ca00000, 0x000000070c900000| Complete 
| 134|0x000000070ca00000, 0x000000070cb00000, 0x000000070cb00000|100%|HC|  |TAMS 0x000000070cb00000, 0x000000070ca00000| Complete 
| 135|0x000000070cb00000, 0x000000070cc00000, 0x000000070cc00000|100%|HC|  |TAMS 0x000000070cc00000, 0x000000070cb00000| Complete 
| 136|0x000000070cc00000, 0x000000070cd00000, 0x000000070cd00000|100%|HC|  |TAMS 0x000000070cd00000, 0x000000070cc00000| Complete 
| 137|0x000000070cd00000, 0x000000070ce00000, 0x000000070ce00000|100%|HC|  |TAMS 0x000000070ce00000, 0x000000070cd00000| Complete 
| 138|0x000000070ce00000, 0x000000070cf00000, 0x000000070cf00000|100%|HC|  |TAMS 0x000000070cf00000, 0x000000070ce00000| Complete 
| 139|0x000000070cf00000, 0x000000070d000000, 0x000000070d000000|100%|HC|  |TAMS 0x000000070d000000, 0x000000070cf00000| Complete 
| 140|0x000000070d000000, 0x000000070d100000, 0x000000070d100000|100%|HC|  |TAMS 0x000000070d100000, 0x000000070d000000| Complete 
| 141|0x000000070d100000, 0x000000070d200000, 0x000000070d200000|100%|HC|  |TAMS 0x000000070d200000, 0x000000070d100000| Complete 
| 142|0x000000070d200000, 0x000000070d300000, 0x000000070d300000|100%|HC|  |TAMS 0x000000070d300000, 0x000000070d200000| Complete 
| 143|0x000000070d300000, 0x000000070d400000, 0x000000070d400000|100%|HC|  |TAMS 0x000000070d400000, 0x000000070d300000| Complete 
| 144|0x000000070d400000, 0x000000070d500000, 0x000000070d500000|100%|HC|  |TAMS 0x000000070d500000, 0x000000070d400000| Complete 
| 145|0x000000070d500000, 0x000000070d600000, 0x000000070d600000|100%|HC|  |TAMS 0x000000070d600000, 0x000000070d500000| Complete 
| 146|0x000000070d600000, 0x000000070d700000, 0x000000070d700000|100%|HC|  |TAMS 0x000000070d700000, 0x000000070d600000| Complete 
| 147|0x000000070d700000, 0x000000070d800000, 0x000000070d800000|100%|HC|  |TAMS 0x000000070d800000, 0x000000070d700000| Complete 
| 148|0x000000070d800000, 0x000000070d900000, 0x000000070d900000|100%|HC|  |TAMS 0x000000070d900000, 0x000000070d800000| Complete 
| 149|0x000000070d900000, 0x000000070da00000, 0x000000070da00000|100%|HC|  |TAMS 0x000000070da00000, 0x000000070d900000| Complete 
| 150|0x000000070da00000, 0x000000070db00000, 0x000000070db00000|100%|HC|  |TAMS 0x000000070db00000, 0x000000070da00000| Complete 
| 151|0x000000070db00000, 0x000000070dc00000, 0x000000070dc00000|100%|HC|  |TAMS 0x000000070dc00000, 0x000000070db00000| Complete 
| 152|0x000000070dc00000, 0x000000070dd00000, 0x000000070dd00000|100%|HC|  |TAMS 0x000000070dd00000, 0x000000070dc00000| Complete 
| 153|0x000000070dd00000, 0x000000070de00000, 0x000000070de00000|100%|HC|  |TAMS 0x000000070de00000, 0x000000070dd00000| Complete 
| 154|0x000000070de00000, 0x000000070df00000, 0x000000070df00000|100%|HC|  |TAMS 0x000000070df00000, 0x000000070de00000| Complete 
| 155|0x000000070df00000, 0x000000070e000000, 0x000000070e000000|100%|HC|  |TAMS 0x000000070e000000, 0x000000070df00000| Complete 
| 156|0x000000070e000000, 0x000000070e100000, 0x000000070e100000|100%|HC|  |TAMS 0x000000070e100000, 0x000000070e000000| Complete 
| 157|0x000000070e100000, 0x000000070e200000, 0x000000070e200000|100%|HC|  |TAMS 0x000000070e200000, 0x000000070e100000| Complete 
| 158|0x000000070e200000, 0x000000070e300000, 0x000000070e300000|100%|HC|  |TAMS 0x000000070e300000, 0x000000070e200000| Complete 
| 159|0x000000070e300000, 0x000000070e400000, 0x000000070e400000|100%|HC|  |TAMS 0x000000070e400000, 0x000000070e300000| Complete 
| 160|0x000000070e400000, 0x000000070e500000, 0x000000070e500000|100%|HS|  |TAMS 0x000000070e400000, 0x000000070e400000| Complete 
| 161|0x000000070e500000, 0x000000070e600000, 0x000000070e600000|100%|HC|  |TAMS 0x000000070e500000, 0x000000070e500000| Complete 
| 162|0x000000070e600000, 0x000000070e700000, 0x000000070e700000|100%|HC|  |TAMS 0x000000070e600000, 0x000000070e600000| Complete 
| 163|0x000000070e700000, 0x000000070e800000, 0x000000070e800000|100%|HC|  |TAMS 0x000000070e700000, 0x000000070e700000| Complete 
| 164|0x000000070e800000, 0x000000070e900000, 0x000000070e900000|100%|HC|  |TAMS 0x000000070e800000, 0x000000070e800000| Complete 
| 165|0x000000070e900000, 0x000000070e900000, 0x000000070ea00000|  0%| F|  |TAMS 0x000000070e900000, 0x000000070e900000| Untracked 
| 166|0x000000070ea00000, 0x000000070ea00000, 0x000000070eb00000|  0%| F|  |TAMS 0x000000070ea00000, 0x000000070ea00000| Untracked 
| 167|0x000000070eb00000, 0x000000070eb00000, 0x000000070ec00000|  0%| F|  |TAMS 0x000000070eb00000, 0x000000070eb00000| Untracked 
| 168|0x000000070ec00000, 0x000000070ec00000, 0x000000070ed00000|  0%| F|  |TAMS 0x000000070ec00000, 0x000000070ec00000| Untracked 
| 169|0x000000070ed00000, 0x000000070ed00000, 0x000000070ee00000|  0%| F|  |TAMS 0x000000070ed00000, 0x000000070ed00000| Untracked 
| 170|0x000000070ee00000, 0x000000070ee00000, 0x000000070ef00000|  0%| F|  |TAMS 0x000000070ee00000, 0x000000070ee00000| Untracked 
| 171|0x000000070ef00000, 0x000000070ef00000, 0x000000070f000000|  0%| F|  |TAMS 0x000000070ef00000, 0x000000070ef00000| Untracked 
| 172|0x000000070f000000, 0x000000070f000000, 0x000000070f100000|  0%| F|  |TAMS 0x000000070f000000, 0x000000070f000000| Untracked 
| 173|0x000000070f100000, 0x000000070f100000, 0x000000070f200000|  0%| F|  |TAMS 0x000000070f100000, 0x000000070f100000| Untracked 
| 174|0x000000070f200000, 0x000000070f200000, 0x000000070f300000|  0%| F|  |TAMS 0x000000070f200000, 0x000000070f200000| Untracked 
| 175|0x000000070f300000, 0x000000070f300000, 0x000000070f400000|  0%| F|  |TAMS 0x000000070f300000, 0x000000070f300000| Untracked 
| 176|0x000000070f400000, 0x000000070f400000, 0x000000070f500000|  0%| F|  |TAMS 0x000000070f400000, 0x000000070f400000| Untracked 
| 177|0x000000070f500000, 0x000000070f500000, 0x000000070f600000|  0%| F|  |TAMS 0x000000070f500000, 0x000000070f500000| Untracked 
| 178|0x000000070f600000, 0x000000070f600000, 0x000000070f700000|  0%| F|  |TAMS 0x000000070f600000, 0x000000070f600000| Untracked 
| 179|0x000000070f700000, 0x000000070f700000, 0x000000070f800000|  0%| F|  |TAMS 0x000000070f700000, 0x000000070f700000| Untracked 
| 180|0x000000070f800000, 0x000000070f800000, 0x000000070f900000|  0%| F|  |TAMS 0x000000070f800000, 0x000000070f800000| Untracked 
| 181|0x000000070f900000, 0x000000070f900000, 0x000000070fa00000|  0%| F|  |TAMS 0x000000070f900000, 0x000000070f900000| Untracked 
| 182|0x000000070fa00000, 0x000000070fa00000, 0x000000070fb00000|  0%| F|  |TAMS 0x000000070fa00000, 0x000000070fa00000| Untracked 
| 183|0x000000070fb00000, 0x000000070fb00000, 0x000000070fc00000|  0%| F|  |TAMS 0x000000070fb00000, 0x000000070fb00000| Untracked 
| 184|0x000000070fc00000, 0x000000070fc00000, 0x000000070fd00000|  0%| F|  |TAMS 0x000000070fc00000, 0x000000070fc00000| Untracked 
| 185|0x000000070fd00000, 0x000000070fd00000, 0x000000070fe00000|  0%| F|  |TAMS 0x000000070fd00000, 0x000000070fd00000| Untracked 
| 186|0x000000070fe00000, 0x000000070fe00000, 0x000000070ff00000|  0%| F|  |TAMS 0x000000070fe00000, 0x000000070fe00000| Untracked 
| 187|0x000000070ff00000, 0x000000070ff00000, 0x0000000710000000|  0%| F|  |TAMS 0x000000070ff00000, 0x000000070ff00000| Untracked 
| 188|0x0000000710000000, 0x0000000710000000, 0x0000000710100000|  0%| F|  |TAMS 0x0000000710000000, 0x0000000710000000| Untracked 
| 189|0x0000000710100000, 0x0000000710100000, 0x0000000710200000|  0%| F|  |TAMS 0x0000000710100000, 0x0000000710100000| Untracked 
| 190|0x0000000710200000, 0x0000000710200000, 0x0000000710300000|  0%| F|  |TAMS 0x0000000710200000, 0x0000000710200000| Untracked 
| 191|0x0000000710300000, 0x0000000710300000, 0x0000000710400000|  0%| F|  |TAMS 0x0000000710300000, 0x0000000710300000| Untracked 
| 192|0x0000000710400000, 0x0000000710400000, 0x0000000710500000|  0%| F|  |TAMS 0x0000000710400000, 0x0000000710400000| Untracked 
| 193|0x0000000710500000, 0x0000000710500000, 0x0000000710600000|  0%| F|  |TAMS 0x0000000710500000, 0x0000000710500000| Untracked 
| 194|0x0000000710600000, 0x0000000710600000, 0x0000000710700000|  0%| F|  |TAMS 0x0000000710600000, 0x0000000710600000| Untracked 
| 195|0x0000000710700000, 0x0000000710700000, 0x0000000710800000|  0%| F|  |TAMS 0x0000000710700000, 0x0000000710700000| Untracked 
| 196|0x0000000710800000, 0x0000000710800000, 0x0000000710900000|  0%| F|  |TAMS 0x0000000710800000, 0x0000000710800000| Untracked 
| 197|0x0000000710900000, 0x0000000710900000, 0x0000000710a00000|  0%| F|  |TAMS 0x0000000710900000, 0x0000000710900000| Untracked 
| 198|0x0000000710a00000, 0x0000000710a00000, 0x0000000710b00000|  0%| F|  |TAMS 0x0000000710a00000, 0x0000000710a00000| Untracked 
| 199|0x0000000710b00000, 0x0000000710b00000, 0x0000000710c00000|  0%| F|  |TAMS 0x0000000710b00000, 0x0000000710b00000| Untracked 
| 200|0x0000000710c00000, 0x0000000710c00000, 0x0000000710d00000|  0%| F|  |TAMS 0x0000000710c00000, 0x0000000710c00000| Untracked 
| 201|0x0000000710d00000, 0x0000000710d00000, 0x0000000710e00000|  0%| F|  |TAMS 0x0000000710d00000, 0x0000000710d00000| Untracked 
| 202|0x0000000710e00000, 0x0000000710e00000, 0x0000000710f00000|  0%| F|  |TAMS 0x0000000710e00000, 0x0000000710e00000| Untracked 
| 203|0x0000000710f00000, 0x0000000710f00000, 0x0000000711000000|  0%| F|  |TAMS 0x0000000710f00000, 0x0000000710f00000| Untracked 
| 204|0x0000000711000000, 0x0000000711000000, 0x0000000711100000|  0%| F|  |TAMS 0x0000000711000000, 0x0000000711000000| Untracked 
| 205|0x0000000711100000, 0x0000000711100000, 0x0000000711200000|  0%| F|  |TAMS 0x0000000711100000, 0x0000000711100000| Untracked 
| 206|0x0000000711200000, 0x0000000711200000, 0x0000000711300000|  0%| F|  |TAMS 0x0000000711200000, 0x0000000711200000| Untracked 
| 207|0x0000000711300000, 0x0000000711300000, 0x0000000711400000|  0%| F|  |TAMS 0x0000000711300000, 0x0000000711300000| Untracked 
| 208|0x0000000711400000, 0x0000000711400000, 0x0000000711500000|  0%| F|  |TAMS 0x0000000711400000, 0x0000000711400000| Untracked 
| 209|0x0000000711500000, 0x0000000711500000, 0x0000000711600000|  0%| F|  |TAMS 0x0000000711500000, 0x0000000711500000| Untracked 
| 210|0x0000000711600000, 0x0000000711600000, 0x0000000711700000|  0%| F|  |TAMS 0x0000000711600000, 0x0000000711600000| Untracked 
| 211|0x0000000711700000, 0x0000000711700000, 0x0000000711800000|  0%| F|  |TAMS 0x0000000711700000, 0x0000000711700000| Untracked 
| 212|0x0000000711800000, 0x0000000711800000, 0x0000000711900000|  0%| F|  |TAMS 0x0000000711800000, 0x0000000711800000| Untracked 
| 213|0x0000000711900000, 0x0000000711900000, 0x0000000711a00000|  0%| F|  |TAMS 0x0000000711900000, 0x0000000711900000| Untracked 
| 214|0x0000000711a00000, 0x0000000711a00000, 0x0000000711b00000|  0%| F|  |TAMS 0x0000000711a00000, 0x0000000711a00000| Untracked 
| 215|0x0000000711b00000, 0x0000000711b00000, 0x0000000711c00000|  0%| F|  |TAMS 0x0000000711b00000, 0x0000000711b00000| Untracked 
| 216|0x0000000711c00000, 0x0000000711c00000, 0x0000000711d00000|  0%| F|  |TAMS 0x0000000711c00000, 0x0000000711c00000| Untracked 
| 217|0x0000000711d00000, 0x0000000711d00000, 0x0000000711e00000|  0%| F|  |TAMS 0x0000000711d00000, 0x0000000711d00000| Untracked 
| 218|0x0000000711e00000, 0x0000000711e00000, 0x0000000711f00000|  0%| F|  |TAMS 0x0000000711e00000, 0x0000000711e00000| Untracked 
| 219|0x0000000711f00000, 0x0000000711f00000, 0x0000000712000000|  0%| F|  |TAMS 0x0000000711f00000, 0x0000000711f00000| Untracked 
| 220|0x0000000712000000, 0x0000000712000000, 0x0000000712100000|  0%| F|  |TAMS 0x0000000712000000, 0x0000000712000000| Untracked 
| 221|0x0000000712100000, 0x0000000712100000, 0x0000000712200000|  0%| F|  |TAMS 0x0000000712100000, 0x0000000712100000| Untracked 
| 222|0x0000000712200000, 0x0000000712200000, 0x0000000712300000|  0%| F|  |TAMS 0x0000000712200000, 0x0000000712200000| Untracked 
| 223|0x0000000712300000, 0x0000000712300000, 0x0000000712400000|  0%| F|  |TAMS 0x0000000712300000, 0x0000000712300000| Untracked 
| 224|0x0000000712400000, 0x0000000712400000, 0x0000000712500000|  0%| F|  |TAMS 0x0000000712400000, 0x0000000712400000| Untracked 
| 225|0x0000000712500000, 0x0000000712500000, 0x0000000712600000|  0%| F|  |TAMS 0x0000000712500000, 0x0000000712500000| Untracked 
| 226|0x0000000712600000, 0x0000000712600000, 0x0000000712700000|  0%| F|  |TAMS 0x0000000712600000, 0x0000000712600000| Untracked 
| 227|0x0000000712700000, 0x0000000712700000, 0x0000000712800000|  0%| F|  |TAMS 0x0000000712700000, 0x0000000712700000| Untracked 
| 228|0x0000000712800000, 0x0000000712800000, 0x0000000712900000|  0%| F|  |TAMS 0x0000000712800000, 0x0000000712800000| Untracked 
| 229|0x0000000712900000, 0x0000000712900000, 0x0000000712a00000|  0%| F|  |TAMS 0x0000000712900000, 0x0000000712900000| Untracked 
| 230|0x0000000712a00000, 0x0000000712a00000, 0x0000000712b00000|  0%| F|  |TAMS 0x0000000712a00000, 0x0000000712a00000| Untracked 
| 231|0x0000000712b00000, 0x0000000712b00000, 0x0000000712c00000|  0%| F|  |TAMS 0x0000000712b00000, 0x0000000712b00000| Untracked 
| 232|0x0000000712c00000, 0x0000000712c00000, 0x0000000712d00000|  0%| F|  |TAMS 0x0000000712c00000, 0x0000000712c00000| Untracked 
| 233|0x0000000712d00000, 0x0000000712d00000, 0x0000000712e00000|  0%| F|  |TAMS 0x0000000712d00000, 0x0000000712d00000| Untracked 
| 234|0x0000000712e00000, 0x0000000712e00000, 0x0000000712f00000|  0%| F|  |TAMS 0x0000000712e00000, 0x0000000712e00000| Untracked 
| 235|0x0000000712f00000, 0x0000000712f00000, 0x0000000713000000|  0%| F|  |TAMS 0x0000000712f00000, 0x0000000712f00000| Untracked 
| 236|0x0000000713000000, 0x0000000713000000, 0x0000000713100000|  0%| F|  |TAMS 0x0000000713000000, 0x0000000713000000| Untracked 
| 237|0x0000000713100000, 0x0000000713100000, 0x0000000713200000|  0%| F|  |TAMS 0x0000000713100000, 0x0000000713100000| Untracked 
| 238|0x0000000713200000, 0x0000000713200000, 0x0000000713300000|  0%| F|  |TAMS 0x0000000713200000, 0x0000000713200000| Untracked 
| 239|0x0000000713300000, 0x0000000713300000, 0x0000000713400000|  0%| F|  |TAMS 0x0000000713300000, 0x0000000713300000| Untracked 
| 240|0x0000000713400000, 0x0000000713400000, 0x0000000713500000|  0%| F|  |TAMS 0x0000000713400000, 0x0000000713400000| Untracked 
| 241|0x0000000713500000, 0x0000000713500000, 0x0000000713600000|  0%| F|  |TAMS 0x0000000713500000, 0x0000000713500000| Untracked 
| 242|0x0000000713600000, 0x0000000713600000, 0x0000000713700000|  0%| F|  |TAMS 0x0000000713600000, 0x0000000713600000| Untracked 
| 243|0x0000000713700000, 0x000000071376c880, 0x0000000713800000| 42%| E|  |TAMS 0x0000000713700000, 0x0000000713700000| Complete 
| 244|0x0000000713800000, 0x0000000713900000, 0x0000000713900000|100%| E|CS|TAMS 0x0000000713800000, 0x0000000713800000| Complete 
| 245|0x0000000713900000, 0x0000000713a00000, 0x0000000713a00000|100%| E|CS|TAMS 0x0000000713900000, 0x0000000713900000| Complete 
| 246|0x0000000713a00000, 0x0000000713b00000, 0x0000000713b00000|100%| E|CS|TAMS 0x0000000713a00000, 0x0000000713a00000| Complete 
| 247|0x0000000713b00000, 0x0000000713c00000, 0x0000000713c00000|100%| E|CS|TAMS 0x0000000713b00000, 0x0000000713b00000| Complete 
| 248|0x0000000713c00000, 0x0000000713d00000, 0x0000000713d00000|100%| E|CS|TAMS 0x0000000713c00000, 0x0000000713c00000| Complete 
| 249|0x0000000713d00000, 0x0000000713e00000, 0x0000000713e00000|100%| E|CS|TAMS 0x0000000713d00000, 0x0000000713d00000| Complete 
| 250|0x0000000713e00000, 0x0000000713efb900, 0x0000000713f00000| 98%| S|CS|TAMS 0x0000000713e00000, 0x0000000713e00000| Complete 
| 251|0x0000000713f00000, 0x0000000714000000, 0x0000000714000000|100%| E|CS|TAMS 0x0000000713f00000, 0x0000000713f00000| Complete 

Card table byte_map: [0x000001bdeade0000,0x000001bdeb5c0000] _byte_map_base: 0x000001bde75be000

Marking Bits (Prev, Next): (CMBitMap*) 0x000001bdd3c700b0, (CMBitMap*) 0x000001bdd3c70078
 Prev Bits: [0x000001bdefc90000, 0x000001bdf3b80000)
 Next Bits: [0x000001bdebda0000, 0x000001bdefc90000)

Polling page: 0x000001bdd33e0000

Metaspace:

Usage:
  Non-class:     20.83 MB capacity,    20.33 MB ( 98%) used,   412.05 KB (  2%) free+waste,   101.75 KB ( <1%) overhead. 
      Class:      3.58 MB capacity,     3.20 MB ( 89%) used,   335.62 KB (  9%) free+waste,    55.44 KB (  2%) overhead. 
       Both:     24.42 MB capacity,    23.53 MB ( 96%) used,   747.66 KB (  3%) free+waste,   157.19 KB ( <1%) overhead. 

Virtual space:
  Non-class space:       22.00 MB reserved,      20.92 MB ( 95%) committed 
      Class space:        1.00 GB reserved,       3.70 MB ( <1%) committed 
             Both:        1.02 GB reserved,      24.62 MB (  2%) committed 

Chunk freelists:
   Non-Class:  3.13 KB
       Class:  1.50 KB
        Both:  4.63 KB

CodeHeap 'non-profiled nmethods': size=120000Kb used=975Kb max_used=975Kb free=119024Kb
 bounds [0x000001bde2da0000, 0x000001bde3010000, 0x000001bdea2d0000]
CodeHeap 'profiled nmethods': size=120000Kb used=4540Kb max_used=4540Kb free=115459Kb
 bounds [0x000001bddb870000, 0x000001bddbce0000, 0x000001bde2da0000]
CodeHeap 'non-nmethods': size=5760Kb used=1373Kb max_used=1399Kb free=4387Kb
 bounds [0x000001bddb2d0000, 0x000001bddb540000, 0x000001bddb870000]
 total_blobs=3178 nmethods=2392 adapters=697
 compilation: enabled
              stopped_count=0, restarted_count=0
 full_count=0

Compilation events (10 events):
Event: 4.124 Thread 0x000001bdf6fbc000 2358       1       com.sun.javafx.sg.prism.RegionImageCache::getBackingStore (5 bytes)
Event: 4.124 Thread 0x000001bdf6fbc000 nmethod 2358 0x000001bde2e90190 code [0x000001bde2e90320, 0x000001bde2e903d8]
Event: 4.124 Thread 0x000001bdf6fbc000 2359       1       com.sun.prism.impl.BaseContext::getPerspectiveTransformNoClone (5 bytes)
Event: 4.124 Thread 0x000001bdf6fbc000 nmethod 2359 0x000001bde2e90490 code [0x000001bde2e90620, 0x000001bde2e906d8]
Event: 4.171 Thread 0x000001bdf6fbc000 2360       1       com.sun.glass.ui.Window::getPlatformScaleX (5 bytes)
Event: 4.172 Thread 0x000001bdf6fbc000 nmethod 2360 0x000001bde2e90790 code [0x000001bde2e90920, 0x000001bde2e909d8]
Event: 4.172 Thread 0x000001bdf6fbc000 2362       3       javafx.scene.Node::intersects (47 bytes)
Event: 4.172 Thread 0x000001bdf6fbc000 nmethod 2362 0x000001bddbcd4310 code [0x000001bddbcd4560, 0x000001bddbcd4f18]
Event: 4.172 Thread 0x000001bdf6fbc000 2361       1       com.sun.glass.ui.Window::getPlatformScaleY (5 bytes)
Event: 4.172 Thread 0x000001bdf6fbc000 nmethod 2361 0x000001bde2e90a90 code [0x000001bde2e90c20, 0x000001bde2e90cd8]

GC Heap History (8 events):
Event: 1.116 GC heap before
{Heap before GC invocations=0 (full 0):
 garbage-first heap   total 258048K, used 23552K [0x0000000704400000, 0x0000000800000000)
  region size 1024K, 24 young (24576K), 0 survivors (0K)
 Metaspace       used 11355K, capacity 11714K, committed 11904K, reserved 1060864K
  class space    used 1250K, capacity 1398K, committed 1408K, reserved 1048576K
}
Event: 1.121 GC heap after
{Heap after GC invocations=1 (full 0):
 garbage-first heap   total 258048K, used 2855K [0x0000000704400000, 0x0000000800000000)
  region size 1024K, 3 young (3072K), 3 survivors (3072K)
 Metaspace       used 11355K, capacity 11714K, committed 11904K, reserved 1060864K
  class space    used 1250K, capacity 1398K, committed 1408K, reserved 1048576K
}
Event: 2.130 GC heap before
{Heap before GC invocations=1 (full 0):
 garbage-first heap   total 258048K, used 42791K [0x0000000704400000, 0x0000000800000000)
  region size 1024K, 34 young (34816K), 3 survivors (3072K)
 Metaspace       used 20554K, capacity 21241K, committed 21296K, reserved 1067008K
  class space    used 2625K, capacity 2942K, committed 2944K, reserved 1048576K
}
Event: 2.141 GC heap after
{Heap after GC invocations=2 (full 0):
 garbage-first heap   total 258048K, used 17678K [0x0000000704400000, 0x0000000800000000)
  region size 1024K, 9 young (9216K), 9 survivors (9216K)
 Metaspace       used 20554K, capacity 21241K, committed 21296K, reserved 1067008K
  class space    used 2625K, capacity 2942K, committed 2944K, reserved 1048576K
}
Event: 3.050 GC heap before
{Heap before GC invocations=3 (full 0):
 garbage-first heap   total 258048K, used 29966K [0x0000000704400000, 0x0000000800000000)
  region size 1024K, 18 young (18432K), 9 survivors (9216K)
 Metaspace       used 22632K, capacity 23388K, committed 23676K, reserved 1069056K
  class space    used 2899K, capacity 3238K, committed 3276K, reserved 1048576K
}
Event: 3.058 GC heap after
{Heap after GC invocations=4 (full 0):
 garbage-first heap   total 258048K, used 21036K [0x0000000704400000, 0x0000000800000000)
  region size 1024K, 2 young (2048K), 2 survivors (2048K)
 Metaspace       used 22632K, capacity 23388K, committed 23676K, reserved 1069056K
  class space    used 2899K, capacity 3238K, committed 3276K, reserved 1048576K
}
Event: 3.799 GC heap before
{Heap before GC invocations=5 (full 0):
 garbage-first heap   total 258048K, used 162348K [0x0000000704400000, 0x0000000800000000)
  region size 1024K, 3 young (3072K), 2 survivors (2048K)
 Metaspace       used 22636K, capacity 23388K, committed 23676K, reserved 1069056K
  class space    used 2899K, capacity 3238K, committed 3276K, reserved 1048576K
}
Event: 3.801 GC heap after
{Heap after GC invocations=6 (full 0):
 garbage-first heap   total 258048K, used 161897K [0x0000000704400000, 0x0000000800000000)
  region size 1024K, 1 young (1024K), 1 survivors (1024K)
 Metaspace       used 22636K, capacity 23388K, committed 23676K, reserved 1069056K
  class space    used 2899K, capacity 3238K, committed 3276K, reserved 1048576K
}

Deoptimization events (10 events):
Event: 1.961 Thread 0x000001bdf7ea1000 Uncommon trap: reason=class_check action=maybe_recompile pc=0x000001bde2db19e0 method=java.lang.String.equals(Ljava/lang/Object;)Z @ 8 c2
Event: 1.963 Thread 0x000001bdf7ea1000 Uncommon trap: reason=class_check action=maybe_recompile pc=0x000001bde2db19e0 method=java.lang.String.equals(Ljava/lang/Object;)Z @ 8 c2
Event: 2.396 Thread 0x000001bdf7286800 Uncommon trap: reason=unstable_if action=reinterpret pc=0x000001bde2e05500 method=java.lang.invoke.LambdaForm$BasicType.basicType(C)Ljava/lang/invoke/LambdaForm$BasicType; @ 1 c2
Event: 2.981 Thread 0x000001bdf7ea1000 Uncommon trap: reason=unstable_if action=reinterpret pc=0x000001bde2e063a8 method=jdk.internal.org.objectweb.asm.Type.getArgumentsAndReturnSizes(Ljava/lang/String;)I @ 47 c2
Event: 2.982 Thread 0x000001bdf7ea1000 Uncommon trap: reason=unstable_if action=reinterpret pc=0x000001bde2e57eac method=jdk.internal.org.objectweb.asm.Type.getArgumentsAndReturnSizes(Ljava/lang/String;)I @ 47 c2
Event: 2.984 Thread 0x000001bdf7ea1000 Uncommon trap: reason=unstable_fused_if action=reinterpret pc=0x000001bde2e4ec88 method=java.lang.invoke.InvokerBytecodeGenerator.loadInsnOpcode(Ljava/lang/invoke/LambdaForm$BasicType;)I @ 8 c2
Event: 3.797 Thread 0x000001bdf7ea1000 Uncommon trap: reason=unstable_if action=reinterpret pc=0x000001bde2e249e4 method=com.sun.javafx.image.impl.BaseByteToByteConverter$FourByteReorderer.doConvert([BII[BIIII)V @ 31 c2
Event: 3.822 Thread 0x000001bdf7ea1000 Uncommon trap: reason=unstable_if action=reinterpret pc=0x000001bde2e7ea94 method=com.sun.javafx.image.impl.ByteBgra$ToByteBgraPreConv.doConvert([BII[BIIII)V @ 75 c2
Event: 3.823 Thread 0x000001bdf7ea1000 Uncommon trap: reason=unstable_if action=reinterpret pc=0x000001bde2e7dc9c method=com.sun.javafx.image.impl.ByteBgra$ToByteBgraPreConv.doConvert([BII[BIIII)V @ 75 c2
Event: 3.880 Thread 0x000001bdf7ea1000 Uncommon trap: reason=unstable_if action=reinterpret pc=0x000001bde2e489b8 method=java.util.WeakHashMap.expungeStaleEntries()V @ 66 c2

Classes redefined (0 events):
No events

Internal exceptions (10 events):
Event: 2.037 Thread 0x000001bdf7ea1000 Exception <a 'java/lang/IncompatibleClassChangeError'{0x000000071212d598}: Found class java.lang.Object, but interface was expected> (0x000000071212d598) thrown at [./open/src/hotspot/share/interpreter/linkResolver.cpp, line 838]
Event: 2.220 Thread 0x000001bdf7286800 Exception <a 'java/lang/NoSuchMethodError'{0x0000000713d9b0a0}: java.lang.invoke.DirectMethodHandle$Holder.invokeStaticInit(Ljava/lang/Object;Ljava/lang/Object;)I> (0x0000000713d9b0a0) thrown at [./open/src/hotspot/share/interpreter/linkResolver.cpp, line
Event: 2.386 Thread 0x000001bdf7286800 Exception <a 'java/lang/NoSuchMethodError'{0x0000000713b3b4c8}: java.lang.invoke.DirectMethodHandle$Holder.invokeStaticInit(Ljava/lang/Object;I)Ljava/lang/Object;> (0x0000000713b3b4c8) thrown at [./open/src/hotspot/share/interpreter/linkResolver.cpp, line
Event: 2.982 Thread 0x000001bdf7ea1000 Exception <a 'java/lang/NoSuchMethodError'{0x0000000713859d20}: java.lang.invoke.DirectMethodHandle$Holder.invokeStaticInit(Ljava/lang/Object;Ljava/lang/Object;Ljava/lang/Object;)J> (0x0000000713859d20) thrown at [./open/src/hotspot/share/interpreter/link
Event: 2.984 Thread 0x000001bdf7ea1000 Exception <a 'java/lang/NoSuchMethodError'{0x0000000713872360}: java.lang.invoke.DirectMethodHandle$Holder.invokeStatic(Ljava/lang/Object;Ljava/lang/Object;J)Ljava/lang/Object;> (0x0000000713872360) thrown at [./open/src/hotspot/share/interpreter/linkReso
Event: 2.985 Thread 0x000001bdf7ea1000 Exception <a 'java/lang/NoSuchMethodError'{0x00000007138784d8}: java.lang.invoke.Invokers$Holder.linkToTargetMethod(Ljava/lang/Object;JLjava/lang/Object;)Ljava/lang/Object;> (0x00000007138784d8) thrown at [./open/src/hotspot/share/interpreter/linkResolver
Event: 3.895 Thread 0x000001bdf7ea1000 Exception <a 'java/lang/ClassNotFoundException'{0x0000000713c03a30}: com/sun/javafx/scene/control/skin/resources/controls> (0x0000000713c03a30) thrown at [./open/src/hotspot/share/prims/jni.cpp, line 632]
Event: 3.896 Thread 0x000001bdf7ea1000 Exception <a 'java/lang/ClassNotFoundException'{0x0000000713c11cc8}: com/sun/javafx/scene/control/skin/resources/controls_en> (0x0000000713c11cc8) thrown at [./open/src/hotspot/share/prims/jni.cpp, line 632]
Event: 3.896 Thread 0x000001bdf7ea1000 Exception <a 'java/lang/ClassNotFoundException'{0x0000000713c15998}: com/sun/javafx/scene/control/skin/resources/controls_en_US> (0x0000000713c15998) thrown at [./open/src/hotspot/share/prims/jni.cpp, line 632]
Event: 3.922 Thread 0x000001bdf7ea1000 Exception <a 'java/lang/NoSuchMethodError'{0x0000000713b7fd60}: java.lang.invoke.DirectMethodHandle$Holder.invokeSpecial(Ljava/lang/Object;Ljava/lang/Object;Ljava/lang/Object;Ljava/lang/Object;Ljava/lang/Object;Ljava/lang/Object;)V> (0x0000000713b7fd60) t

Events (10 events):
Event: 3.983 loading class com/sun/prism/impl/ManagedResource
Event: 3.983 loading class com/sun/prism/impl/ManagedResource done
Event: 3.983 loading class com/sun/prism/impl/BaseResourcePool$Predicate
Event: 3.983 loading class com/sun/prism/impl/BaseResourcePool$Predicate done
Event: 4.114 loading class java/lang/Throwable$WrappedPrintStream
Event: 4.114 loading class java/lang/Throwable$PrintStreamOrWriter
Event: 4.114 loading class java/lang/Throwable$PrintStreamOrWriter done
Event: 4.114 loading class java/lang/Throwable$WrappedPrintStream done
Event: 4.118 Thread 0x000001bdf7286800 DEOPT PACKING pc=0x000001bddbbdd4d1 sp=0x000000a69b0fd610
Event: 4.118 Thread 0x000001bdf7286800 DEOPT UNPACKING pc=0x000001bddb2f7e8e sp=0x000000a69b0fca48 mode 0


Dynamic libraries:
0x00007ff735990000 - 0x00007ff73599f000 	C:\Program Files\Java\jdk-11.0.17\bin\java.exe
0x00007ffa0ec50000 - 0x00007ffa0ee67000 	C:\Windows\SYSTEM32\ntdll.dll
0x00007ffa0c990000 - 0x00007ffa0ca54000 	C:\Windows\System32\KERNEL32.DLL
0x00007ffa0c300000 - 0x00007ffa0c6ac000 	C:\Windows\System32\KERNELBASE.dll
0x00007ffa0c800000 - 0x00007ffa0c911000 	C:\Windows\System32\ucrtbase.dll
0x00007ff9b8e50000 - 0x00007ff9b8e65000 	C:\Program Files\Java\jdk-11.0.17\bin\VCRUNTIME140.dll
0x00007ff9b8de0000 - 0x00007ff9b8df8000 	C:\Program Files\Java\jdk-11.0.17\bin\jli.dll
0x00007ffa0e690000 - 0x00007ffa0e742000 	C:\Windows\System32\ADVAPI32.dll
0x00007ffa0e750000 - 0x00007ffa0e7f7000 	C:\Windows\System32\msvcrt.dll
0x00007ffa0e5a0000 - 0x00007ffa0e64a000 	C:\Windows\System32\sechost.dll
0x00007ffa0c000000 - 0x00007ffa0c028000 	C:\Windows\System32\bcrypt.dll
0x00007ffa0de50000 - 0x00007ffa0df65000 	C:\Windows\System32\RPCRT4.dll
0x00007ffa0e110000 - 0x00007ffa0e2be000 	C:\Windows\System32\USER32.dll
0x00007ffa0c7d0000 - 0x00007ffa0c7f6000 	C:\Windows\System32\win32u.dll
0x00007ff9fa400000 - 0x00007ff9fa693000 	C:\Windows\WinSxS\amd64_microsoft.windows.common-controls_6595b64144ccf1df_6.0.22621.3672_none_2713b9d173822955\COMCTL32.dll
0x00007ffa0d950000 - 0x00007ffa0d979000 	C:\Windows\System32\GDI32.dll
0x00007ffa0c6b0000 - 0x00007ffa0c7c9000 	C:\Windows\System32\gdi32full.dll
0x00007ffa0c260000 - 0x00007ffa0c2fa000 	C:\Windows\System32\msvcp_win.dll
0x00007ffa03d20000 - 0x00007ffa03d2a000 	C:\Windows\SYSTEM32\VERSION.dll
0x00007ffa0e650000 - 0x00007ffa0e681000 	C:\Windows\System32\IMM32.DLL
0x00007ff998880000 - 0x00007ff99891b000 	C:\Program Files\Java\jdk-11.0.17\bin\msvcp140.dll
0x00007ff971b30000 - 0x00007ff97264a000 	C:\Program Files\Java\jdk-11.0.17\bin\server\jvm.dll
0x00007ffa0de40000 - 0x00007ffa0de48000 	C:\Windows\System32\PSAPI.DLL
0x00007ffa04680000 - 0x00007ffa046b4000 	C:\Windows\SYSTEM32\WINMM.dll
0x00007ffa08cf0000 - 0x00007ffa08cf9000 	C:\Windows\SYSTEM32\WSOCK32.dll
0x00007ffa0ca60000 - 0x00007ffa0cad1000 	C:\Windows\System32\WS2_32.dll
0x00007ffa0b060000 - 0x00007ffa0b078000 	C:\Windows\SYSTEM32\kernel.appcore.dll
0x00007ff9f9780000 - 0x00007ff9f9790000 	C:\Program Files\Java\jdk-11.0.17\bin\verify.dll
0x00007ffa097a0000 - 0x00007ffa099d2000 	C:\Windows\SYSTEM32\DBGHELP.DLL
0x00007ffa0d980000 - 0x00007ffa0dd08000 	C:\Windows\System32\combase.dll
0x00007ffa0dd10000 - 0x00007ffa0dde7000 	C:\Windows\System32\OLEAUT32.dll
0x00007ff9e9c60000 - 0x00007ff9e9c92000 	C:\Windows\SYSTEM32\dbgcore.DLL
0x00007ffa0bf80000 - 0x00007ffa0bffb000 	C:\Windows\System32\bcryptPrimitives.dll
0x00007ff9ade70000 - 0x00007ff9ade98000 	C:\Program Files\Java\jdk-11.0.17\bin\java.dll
0x00007ff9f1b10000 - 0x00007ff9f1b1a000 	C:\Program Files\Java\jdk-11.0.17\bin\jimage.dll
0x00007ff9b5660000 - 0x00007ff9b5676000 	C:\Program Files\Java\jdk-11.0.17\bin\zip.dll
0x00007ffa0d0f0000 - 0x00007ffa0d94c000 	C:\Windows\System32\SHELL32.dll
0x00007ffa09e90000 - 0x00007ffa0a787000 	C:\Windows\SYSTEM32\windows.storage.dll
0x00007ffa09d50000 - 0x00007ffa09e8f000 	C:\Windows\SYSTEM32\wintypes.dll
0x00007ffa0e960000 - 0x00007ffa0ea54000 	C:\Windows\System32\SHCORE.dll
0x00007ffa0df70000 - 0x00007ffa0dfce000 	C:\Windows\System32\shlwapi.dll
0x00007ffa0beb0000 - 0x00007ffa0bed1000 	C:\Windows\SYSTEM32\profapi.dll
0x00007ff9b4dc0000 - 0x00007ff9b4dd9000 	C:\Program Files\Java\jdk-11.0.17\bin\net.dll
0x00007ffa078f0000 - 0x00007ffa07a26000 	C:\Windows\SYSTEM32\WINHTTP.dll
0x00007ffa0b4c0000 - 0x00007ffa0b529000 	C:\Windows\system32\mswsock.dll
0x00007ff9b1f20000 - 0x00007ff9b1f32000 	C:\Program Files\Java\jdk-11.0.17\bin\nio.dll
0x000001bdd3b50000 - 0x000001bdd3b53000 	C:\Users\Manuja Nethranga\.openjfx\cache\19+11\amd64\api-ms-win-core-console-l1-1-0.dll
0x000001bdd3b60000 - 0x000001bdd3b63000 	C:\Users\Manuja Nethranga\.openjfx\cache\19+11\amd64\api-ms-win-core-console-l1-2-0.dll
0x000001bdd3b70000 - 0x000001bdd3b73000 	C:\Users\Manuja Nethranga\.openjfx\cache\19+11\amd64\api-ms-win-core-datetime-l1-1-0.dll
0x000001bdd3b80000 - 0x000001bdd3b83000 	C:\Users\Manuja Nethranga\.openjfx\cache\19+11\amd64\api-ms-win-core-debug-l1-1-0.dll
0x000001bdd3b90000 - 0x000001bdd3b93000 	C:\Users\Manuja Nethranga\.openjfx\cache\19+11\amd64\api-ms-win-core-errorhandling-l1-1-0.dll
0x000001bdd3ba0000 - 0x000001bdd3ba4000 	C:\Users\Manuja Nethranga\.openjfx\cache\19+11\amd64\api-ms-win-core-file-l1-1-0.dll
0x000001bdd3bb0000 - 0x000001bdd3bb3000 	C:\Users\Manuja Nethranga\.openjfx\cache\19+11\amd64\api-ms-win-core-file-l1-2-0.dll
0x000001bdd3bc0000 - 0x000001bdd3bc3000 	C:\Users\Manuja Nethranga\.openjfx\cache\19+11\amd64\api-ms-win-core-file-l2-1-0.dll
0x000001bdd3bd0000 - 0x000001bdd3bd3000 	C:\Users\Manuja Nethranga\.openjfx\cache\19+11\amd64\api-ms-win-core-handle-l1-1-0.dll
0x000001bdf8e20000 - 0x000001bdf8e23000 	C:\Users\Manuja Nethranga\.openjfx\cache\19+11\amd64\api-ms-win-core-heap-l1-1-0.dll
0x000001bdf8be0000 - 0x000001bdf8be3000 	C:\Users\Manuja Nethranga\.openjfx\cache\19+11\amd64\api-ms-win-core-interlocked-l1-1-0.dll
0x000001bdf8bf0000 - 0x000001bdf8bf3000 	C:\Users\Manuja Nethranga\.openjfx\cache\19+11\amd64\api-ms-win-core-libraryloader-l1-1-0.dll
0x000001bdf8c00000 - 0x000001bdf8c03000 	C:\Users\Manuja Nethranga\.openjfx\cache\19+11\amd64\api-ms-win-core-localization-l1-2-0.dll
0x000001bdf8c10000 - 0x000001bdf8c13000 	C:\Users\Manuja Nethranga\.openjfx\cache\19+11\amd64\api-ms-win-core-memory-l1-1-0.dll
0x000001bdf8c20000 - 0x000001bdf8c23000 	C:\Users\Manuja Nethranga\.openjfx\cache\19+11\amd64\api-ms-win-core-namedpipe-l1-1-0.dll
0x000001bdf8c30000 - 0x000001bdf8c33000 	C:\Users\Manuja Nethranga\.openjfx\cache\19+11\amd64\api-ms-win-core-processenvironment-l1-1-0.dll
0x000001bdf8c40000 - 0x000001bdf8c43000 	C:\Users\Manuja Nethranga\.openjfx\cache\19+11\amd64\api-ms-win-core-processthreads-l1-1-0.dll
0x000001bdf8c50000 - 0x000001bdf8c53000 	C:\Users\Manuja Nethranga\.openjfx\cache\19+11\amd64\api-ms-win-core-processthreads-l1-1-1.dll
0x000001bdf8c60000 - 0x000001bdf8c63000 	C:\Users\Manuja Nethranga\.openjfx\cache\19+11\amd64\api-ms-win-core-profile-l1-1-0.dll
0x000001bdf8c70000 - 0x000001bdf8c73000 	C:\Users\Manuja Nethranga\.openjfx\cache\19+11\amd64\api-ms-win-core-rtlsupport-l1-1-0.dll
0x000001bdf8c80000 - 0x000001bdf8c83000 	C:\Users\Manuja Nethranga\.openjfx\cache\19+11\amd64\api-ms-win-core-string-l1-1-0.dll
0x000001bdf8c90000 - 0x000001bdf8c93000 	C:\Users\Manuja Nethranga\.openjfx\cache\19+11\amd64\api-ms-win-core-synch-l1-1-0.dll
0x000001bdf8ca0000 - 0x000001bdf8ca3000 	C:\Users\Manuja Nethranga\.openjfx\cache\19+11\amd64\api-ms-win-core-synch-l1-2-0.dll
0x000001bdf8cb0000 - 0x000001bdf8cb3000 	C:\Users\Manuja Nethranga\.openjfx\cache\19+11\amd64\api-ms-win-core-sysinfo-l1-1-0.dll
0x000001bdf8cc0000 - 0x000001bdf8cc3000 	C:\Users\Manuja Nethranga\.openjfx\cache\19+11\amd64\api-ms-win-core-timezone-l1-1-0.dll
0x000001bdf8cd0000 - 0x000001bdf8cd3000 	C:\Users\Manuja Nethranga\.openjfx\cache\19+11\amd64\api-ms-win-core-util-l1-1-0.dll
0x000001bdf8ce0000 - 0x000001bdf8ce3000 	C:\Users\Manuja Nethranga\.openjfx\cache\19+11\amd64\api-ms-win-crt-conio-l1-1-0.dll
0x000001bdf8cf0000 - 0x000001bdf8cf4000 	C:\Users\Manuja Nethranga\.openjfx\cache\19+11\amd64\api-ms-win-crt-convert-l1-1-0.dll
0x000001bdf8d00000 - 0x000001bdf8d03000 	C:\Users\Manuja Nethranga\.openjfx\cache\19+11\amd64\api-ms-win-crt-environment-l1-1-0.dll
0x000001bdf8d10000 - 0x000001bdf8d13000 	C:\Users\Manuja Nethranga\.openjfx\cache\19+11\amd64\api-ms-win-crt-filesystem-l1-1-0.dll
0x000001bdf8d20000 - 0x000001bdf8d23000 	C:\Users\Manuja Nethranga\.openjfx\cache\19+11\amd64\api-ms-win-crt-heap-l1-1-0.dll
0x000001bdf8d30000 - 0x000001bdf8d33000 	C:\Users\Manuja Nethranga\.openjfx\cache\19+11\amd64\api-ms-win-crt-locale-l1-1-0.dll
0x000001bdf8d40000 - 0x000001bdf8d45000 	C:\Users\Manuja Nethranga\.openjfx\cache\19+11\amd64\api-ms-win-crt-math-l1-1-0.dll
0x000001bdf8d50000 - 0x000001bdf8d55000 	C:\Users\Manuja Nethranga\.openjfx\cache\19+11\amd64\api-ms-win-crt-multibyte-l1-1-0.dll
0x000001bdf8d60000 - 0x000001bdf8d70000 	C:\Users\Manuja Nethranga\.openjfx\cache\19+11\amd64\api-ms-win-crt-private-l1-1-0.dll
0x000001bdf8d70000 - 0x000001bdf8d73000 	C:\Users\Manuja Nethranga\.openjfx\cache\19+11\amd64\api-ms-win-crt-process-l1-1-0.dll
0x000001bdf8d80000 - 0x000001bdf8d84000 	C:\Users\Manuja Nethranga\.openjfx\cache\19+11\amd64\api-ms-win-crt-runtime-l1-1-0.dll
0x000001bdf8d90000 - 0x000001bdf8d94000 	C:\Users\Manuja Nethranga\.openjfx\cache\19+11\amd64\api-ms-win-crt-stdio-l1-1-0.dll
0x000001bdf8da0000 - 0x000001bdf8da4000 	C:\Users\Manuja Nethranga\.openjfx\cache\19+11\amd64\api-ms-win-crt-string-l1-1-0.dll
0x000001bdf8db0000 - 0x000001bdf8db3000 	C:\Users\Manuja Nethranga\.openjfx\cache\19+11\amd64\api-ms-win-crt-time-l1-1-0.dll
0x000001bdf8dc0000 - 0x000001bdf8dc3000 	C:\Users\Manuja Nethranga\.openjfx\cache\19+11\amd64\api-ms-win-crt-utility-l1-1-0.dll
0x00007ff9b63d0000 - 0x00007ff9b64cc000 	C:\Users\Manuja Nethranga\.openjfx\cache\19+11\amd64\ucrtbase.dll
0x00007ff9bc420000 - 0x00007ff9bc43b000 	C:\Users\Manuja Nethranga\.openjfx\cache\19+11\amd64\vcruntime140.dll
0x00007ff9e8450000 - 0x00007ff9e845c000 	C:\Users\Manuja Nethranga\.openjfx\cache\19+11\amd64\vcruntime140_1.dll
0x00007ff9b8f60000 - 0x00007ff9b8fee000 	C:\Users\Manuja Nethranga\.openjfx\cache\19+11\amd64\msvcp140.dll
0x00007ff9d37b0000 - 0x00007ff9d37b9000 	C:\Users\Manuja Nethranga\.openjfx\cache\19+11\amd64\msvcp140_1.dll
0x00007ff9bc3f0000 - 0x00007ff9bc420000 	C:\Users\Manuja Nethranga\.openjfx\cache\19+11\amd64\msvcp140_2.dll
0x00007ff9b90d0000 - 0x00007ff9b90fc000 	C:\Users\Manuja Nethranga\.openjfx\cache\19+11\amd64\prism_d3d.dll
0x00007ff9c54a0000 - 0x00007ff9c5648000 	C:\Windows\system32\d3d9.dll
0x00007ffa09190000 - 0x00007ffa091bb000 	C:\Windows\SYSTEM32\dwmapi.dll
0x00007ffa09200000 - 0x00007ffa09239000 	C:\Windows\SYSTEM32\dxcore.dll
0x00007ffa08f50000 - 0x00007ffa08ffa000 	C:\Windows\system32\uxtheme.dll
0x00007ff9c5240000 - 0x00007ff9c549c000 	C:\Windows\System32\DriverStore\FileRepository\iigd_dch.inf_amd64_f5503e3a56b087f1\igdumdim64.dll
0x00007ffa0ea60000 - 0x00007ffa0ec05000 	C:\Windows\System32\ole32.dll
0x00007ff9c3ed0000 - 0x00007ff9c5237000 	C:\Windows\System32\DriverStore\FileRepository\iigd_dch.inf_amd64_f5503e3a56b087f1\igd9dxva64.dll
0x00007ffa0cbf0000 - 0x00007ffa0d064000 	C:\Windows\System32\SETUPAPI.dll
0x00007ffa0bc60000 - 0x00007ffa0bcae000 	C:\Windows\SYSTEM32\cfgmgr32.dll
0x00007ff9afcd0000 - 0x00007ff9b19fb000 	C:\Windows\System32\DriverStore\FileRepository\iigd_dch.inf_amd64_f5503e3a56b087f1\media_bin_64.dll
0x00007ff9fe4b0000 - 0x00007ff9fe8ed000 	C:\Windows\System32\DriverStore\FileRepository\iigd_dch.inf_amd64_f5503e3a56b087f1\igdgmm64.dll
0x00007ffa03a00000 - 0x00007ffa03a49000 	C:\Windows\SYSTEM32\directxdatabasehelper.dll
0x00007ff9b7270000 - 0x00007ff9b72b2000 	C:\Users\Manuja Nethranga\.openjfx\cache\19+11\amd64\glass.dll
0x00007ffa0e2c0000 - 0x00007ffa0e3b6000 	C:\Windows\System32\COMDLG32.dll
0x00007ffa0e800000 - 0x00007ffa0e953000 	C:\Windows\System32\MSCTF.dll
0x00007ff9fb650000 - 0x00007ff9fb677000 	C:\Windows\System32\DriverStore\FileRepository\iigd_dch.inf_amd64_f5503e3a56b087f1\igdinfo64.dll
0x00007ff9f4e40000 - 0x00007ff9f8eb5000 	C:\Windows\System32\DriverStore\FileRepository\iigd_dch.inf_amd64_f5503e3a56b087f1\igc64.dll
0x00007ff9bc3d0000 - 0x00007ff9bc3e4000 	C:\Users\Manuja Nethranga\.openjfx\cache\19+11\amd64\javafx_font.dll
0x00007ffa04f70000 - 0x00007ffa051e3000 	C:\Windows\SYSTEM32\dwrite.dll
0x00007ffa0cae0000 - 0x00007ffa0cb90000 	C:\Windows\System32\clbcatq.dll
0x00007ffa08d20000 - 0x00007ffa08ed0000 	C:\Windows\SYSTEM32\WindowsCodecs.dll
0x00007ff9f1a60000 - 0x00007ff9f1abe000 	C:\Windows\system32\dataexchange.dll
0x00007ffa01e90000 - 0x00007ffa0211a000 	C:\Windows\system32\twinapi.appcore.dll
0x00007ff9b2fa0000 - 0x00007ff9b2fd2000 	C:\Program Files\Common Files\Microsoft Shared\Ink\rtscom.dll
0x00007ff9fbef0000 - 0x00007ff9fc03d000 	C:\Windows\SYSTEM32\textinputframework.dll
0x00007ffa05fe0000 - 0x00007ffa06113000 	C:\Windows\SYSTEM32\CoreMessaging.dll
0x00007ffa03320000 - 0x00007ffa0368d000 	C:\Windows\SYSTEM32\CoreUIComponents.dll
0x00007ffa0b7f0000 - 0x00007ffa0b7fc000 	C:\Windows\SYSTEM32\CRYPTBASE.DLL

dbghelp: loaded successfully - version: 4.0.5 - missing functions: none
symbol engine: initialized successfully - sym options: 0x614 - pdb path: .;C:\Program Files\Java\jdk-11.0.17\bin;C:\Windows\SYSTEM32;C:\Windows\WinSxS\amd64_microsoft.windows.common-controls_6595b64144ccf1df_6.0.22621.3672_none_2713b9d173822955;C:\Program Files\Java\jdk-11.0.17\bin\server;C:\Users\Manuja Nethranga\.openjfx\cache\19+11\amd64;C:\Windows\System32\DriverStore\FileRepository\iigd_dch.inf_amd64_f5503e3a56b087f1;C:\Program Files\Common Files\Microsoft Shared\Ink

VM Arguments:
jvm_args: --module-path=C:\Users\Manuja Nethranga\.m2\repository\org\openjfx\javafx-base\19\javafx-base-19-win.jar;C:\Users\Manuja Nethranga\.m2\repository\org\openjfx\javafx-base\19\javafx-base-19.jar;C:\Users\Manuja Nethranga\.m2\repository\org\openjfx\javafx-controls\19\javafx-controls-19-win.jar;C:\Users\Manuja Nethranga\.m2\repository\org\openjfx\javafx-controls\19\javafx-controls-19.jar;C:\Users\Manuja Nethranga\.m2\repository\org\openjfx\javafx-fxml\19\javafx-fxml-19-win.jar;C:\Users\Manuja Nethranga\.m2\repository\org\openjfx\javafx-fxml\19\javafx-fxml-19.jar;C:\Users\Manuja Nethranga\.m2\repository\org\openjfx\javafx-graphics\19\javafx-graphics-19-win.jar;C:\Users\Manuja Nethranga\.m2\repository\org\openjfx\javafx-graphics\19\javafx-graphics-19.jar --add-modules=javafx.base,javafx.controls,javafx.fxml,javafx.graphics 
java_command: Main
java_class_path (initial): F:\ICD\Level 3\Final Project\Final\clothifyPOS\clothifyPOS\clothifyPOS\target\classes;C:\Users\Manuja Nethranga\.m2\repository\com\fasterxml\classmate\1.5.1\classmate-1.5.1.jar;C:\Users\Manuja Nethranga\.m2\repository\com\google\protobuf\protobuf-java\3.25.1\protobuf-java-3.25.1.jar;C:\Users\Manuja Nethranga\.m2\repository\com\jfoenix\jfoenix\9.0.1\jfoenix-9.0.1.jar;C:\Users\Manuja Nethranga\.m2\repository\com\mysql\mysql-connector-j\8.3.0\mysql-connector-j-8.3.0.jar;C:\Users\Manuja Nethranga\.m2\repository\com\sun\istack\istack-commons-runtime\4.1.1\istack-commons-runtime-4.1.1.jar;C:\Users\Manuja Nethranga\.m2\repository\io\smallrye\jandex\3.1.2\jandex-3.1.2.jar;C:\Users\Manuja Nethranga\.m2\repository\jakarta\activation\jakarta.activation-api\2.1.0\jakarta.activation-api-2.1.0.jar;C:\Users\Manuja Nethranga\.m2\repository\jakarta\inject\jakarta.inject-api\2.0.1\jakarta.inject-api-2.0.1.jar;C:\Users\Manuja Nethranga\.m2\repository\jakarta\persistence\jakarta.persistence-api\3.1.0\jakarta.persistence-api-3.1.0.jar;C:\Users\Manuja Nethranga\.m2\repository\jakarta\transaction\jakarta.transaction-api\2.0.1\jakarta.transaction-api-2.0.1.jar;C:\Users\Manuja Nethranga\.m2\repository\jakarta\xml\bind\jakarta.xml.bind-api\4.0.0\jakarta.xml.bind-api-4.0.0.jar;C:\Users\Manuja Nethranga\.m2\repository\javax\activation\activation\1.1\activation-1.1.jar;C:\Users\Manuja Nethranga\.m2\repository\javax\mail\mail\1.4.7\mail-1.4.7.jar;C:\Users\Manuja Nethranga\.m2\repository\net\bytebuddy\byte-buddy\1.14.12\byte-buddy-1.14.12.jar;C:\Users\Manuja Nethranga\.m2\repository\org\antlr\antlr4-runtime\4.13.0\antlr4-runtime-4.13.0.jar;C:\Users\Manuja Nethranga\.m2\repository\org\eclipse\angus\angus-activation\2.0.0\angus-activation-2.0.0.jar;C:\Users\Manuja Nethranga\.m2\repository\org\glassfish\jaxb\jaxb-core\4.0.2\jaxb-core-4.0.2.jar;C:\Users\Manuja Nethranga\.m2\repository\org\glassfish\jaxb\jaxb-runtime\4.0.2\jaxb-runtime-4.0.2.jar;C:\Users\Manuja Nethranga\.
Launcher Type: SUN_STANDARD

[Global flags]
     intx CICompilerCount                          = 4                                         {product} {ergonomic}
     uint ConcGCThreads                            = 2                                         {product} {ergonomic}
     uint G1ConcRefinementThreads                  = 8                                         {product} {ergonomic}
   size_t G1HeapRegionSize                         = 1048576                                   {product} {ergonomic}
    uintx GCDrainStackTargetSize                   = 64                                        {product} {ergonomic}
   size_t InitialHeapSize                          = 264241152                                 {product} {ergonomic}
   size_t MarkStackSize                            = 4194304                                   {product} {ergonomic}
   size_t MaxHeapSize                              = 4223664128                                {product} {ergonomic}
   size_t MaxNewSize                               = 2533359616                                {product} {ergonomic}
   size_t MinHeapDeltaBytes                        = 1048576                                   {product} {ergonomic}
    uintx NonNMethodCodeHeapSize                   = 5836300                                {pd product} {ergonomic}
    uintx NonProfiledCodeHeapSize                  = 122910970                              {pd product} {ergonomic}
    uintx ProfiledCodeHeapSize                     = 122910970                              {pd product} {ergonomic}
    uintx ReservedCodeCacheSize                    = 251658240                              {pd product} {ergonomic}
     bool SegmentedCodeCache                       = true                                      {product} {ergonomic}
     bool UseCompressedClassPointers               = true                                 {lp64_product} {ergonomic}
     bool UseCompressedOops                        = true                                 {lp64_product} {ergonomic}
     bool UseG1GC                                  = true                                      {product} {ergonomic}
     bool UseLargePagesIndividualAllocation        = false                                  {pd product} {ergonomic}

Logging:
Log output configuration:
 #0: stdout all=warning uptime,level,tags
 #1: stderr all=off uptime,level,tags

Environment Variables:
PATH=C:\Program Files\Java\jdk-11.0.17\bin;C:\Program Files (x86)\Common Files\Oracle\Java\javapath;C:\Program Files\MySQL\MySQL Server 8.0;C:\Program Files\Common Files\Oracle\Java\javapath;C:\Windows\system32;C:\Windows;C:\Windows\System32\Wbem;C:\Windows\System32\WindowsPowerShell\v1.0\;C:\Windows\System32\OpenSSH\;C:\Program Files\Cloudflare\Cloudflare WARP\;C:\Program Files\nodejs\;C:\Program Files\Git\cmd;C:\Users\Manuja Nethranga\AppData\Local\Microsoft\WindowsApps;;C:\Users\Manuja Nethranga\AppData\Local\Programs\Microsoft VS Code\bin;C:\Program Files\JetBrains\IntelliJ IDEA 2023.3.4\bin;;C:\Users\Manuja Nethranga\AppData\Roaming\npm
USERNAME=Manuja Nethranga
OS=Windows_NT
PROCESSOR_IDENTIFIER=Intel64 Family 6 Model 140 Stepping 1, GenuineIntel



---------------  S Y S T E M  ---------------

OS: Windows 11 , 64 bit Build 22621 (10.0.22621.3672)
Hyper-V role detected

CPU:total 8 (initial active 8) (4 cores per cpu, 2 threads per core) family 6 model 140 stepping 1 microcode 0xb4, cmov, cx8, fxsr, mmx, sse, sse2, sse3, ssse3, sse4.1, sse4.2, popcnt, avx, avx2, aes, clmul, erms, 3dnowpref, lzcnt, ht, tsc, tscinvbit, bmi1, bmi2, adx, evex, sha, fma

Memory: 4k page, system-wide physical 16106M (194M free)
TotalPageFile size 31161M (AvailPageFile size 5M)
current process WorkingSet (physical memory assigned to process): 654M, peak: 654M
current process commit charge ("private bytes"): 745M, peak: 753M

vm_info: Java HotSpot(TM) 64-Bit Server VM (11.0.17+10-LTS-269) for windows-amd64 JRE (11.0.17+10-LTS-269), built on Sep 13 2022 19:26:37 by "mach5one" with MS VC++ 15.9 (VS2017)

END.
